[2025-03-27T08:51:20.252+0000] {processor.py:156} INFO - Started process (PID=83690) to work on /home/vscode/miniconda/envs/airflow-env/lib/python3.10/site-packages/airflow/example_dags/plugins/workday.py
[2025-03-27T08:51:20.253+0000] {processor.py:799} INFO - Processing file /home/vscode/miniconda/envs/airflow-env/lib/python3.10/site-packages/airflow/example_dags/plugins/workday.py for tasks to queue
[2025-03-27T08:51:20.253+0000] {logging_mixin.py:149} INFO - [2025-03-27T08:51:20.253+0000] {dagbag.py:541} INFO - Filling up the DagBag from /home/vscode/miniconda/envs/airflow-env/lib/python3.10/site-packages/airflow/example_dags/plugins/workday.py
[2025-03-27T08:51:20.508+0000] {processor.py:811} WARNING - No viable dags retrieved from /home/vscode/miniconda/envs/airflow-env/lib/python3.10/site-packages/airflow/example_dags/plugins/workday.py
[2025-03-27T08:51:20.514+0000] {processor.py:178} INFO - Processing /home/vscode/miniconda/envs/airflow-env/lib/python3.10/site-packages/airflow/example_dags/plugins/workday.py took 0.264 seconds
[2025-03-27T08:52:10.993+0000] {processor.py:156} INFO - Started process (PID=84246) to work on /home/vscode/miniconda/envs/airflow-env/lib/python3.10/site-packages/airflow/example_dags/plugins/workday.py
[2025-03-27T08:52:10.994+0000] {processor.py:799} INFO - Processing file /home/vscode/miniconda/envs/airflow-env/lib/python3.10/site-packages/airflow/example_dags/plugins/workday.py for tasks to queue
[2025-03-27T08:52:10.994+0000] {logging_mixin.py:149} INFO - [2025-03-27T08:52:10.994+0000] {dagbag.py:541} INFO - Filling up the DagBag from /home/vscode/miniconda/envs/airflow-env/lib/python3.10/site-packages/airflow/example_dags/plugins/workday.py
[2025-03-27T08:52:11.241+0000] {processor.py:811} WARNING - No viable dags retrieved from /home/vscode/miniconda/envs/airflow-env/lib/python3.10/site-packages/airflow/example_dags/plugins/workday.py
[2025-03-27T08:52:11.247+0000] {processor.py:178} INFO - Processing /home/vscode/miniconda/envs/airflow-env/lib/python3.10/site-packages/airflow/example_dags/plugins/workday.py took 0.256 seconds
[2025-03-27T08:52:45.254+0000] {processor.py:156} INFO - Started process (PID=84690) to work on /home/vscode/miniconda/envs/airflow-env/lib/python3.10/site-packages/airflow/example_dags/plugins/workday.py
[2025-03-27T08:52:45.254+0000] {processor.py:799} INFO - Processing file /home/vscode/miniconda/envs/airflow-env/lib/python3.10/site-packages/airflow/example_dags/plugins/workday.py for tasks to queue
[2025-03-27T08:52:45.255+0000] {logging_mixin.py:149} INFO - [2025-03-27T08:52:45.255+0000] {dagbag.py:541} INFO - Filling up the DagBag from /home/vscode/miniconda/envs/airflow-env/lib/python3.10/site-packages/airflow/example_dags/plugins/workday.py
[2025-03-27T08:52:45.494+0000] {processor.py:811} WARNING - No viable dags retrieved from /home/vscode/miniconda/envs/airflow-env/lib/python3.10/site-packages/airflow/example_dags/plugins/workday.py
[2025-03-27T08:52:45.501+0000] {processor.py:178} INFO - Processing /home/vscode/miniconda/envs/airflow-env/lib/python3.10/site-packages/airflow/example_dags/plugins/workday.py took 0.249 seconds
[2025-03-27T08:53:27.676+0000] {processor.py:156} INFO - Started process (PID=85105) to work on /home/vscode/miniconda/envs/airflow-env/lib/python3.10/site-packages/airflow/example_dags/plugins/workday.py
[2025-03-27T08:53:27.676+0000] {processor.py:799} INFO - Processing file /home/vscode/miniconda/envs/airflow-env/lib/python3.10/site-packages/airflow/example_dags/plugins/workday.py for tasks to queue
[2025-03-27T08:53:27.677+0000] {logging_mixin.py:149} INFO - [2025-03-27T08:53:27.677+0000] {dagbag.py:541} INFO - Filling up the DagBag from /home/vscode/miniconda/envs/airflow-env/lib/python3.10/site-packages/airflow/example_dags/plugins/workday.py
[2025-03-27T08:53:27.920+0000] {processor.py:811} WARNING - No viable dags retrieved from /home/vscode/miniconda/envs/airflow-env/lib/python3.10/site-packages/airflow/example_dags/plugins/workday.py
[2025-03-27T08:53:27.926+0000] {processor.py:178} INFO - Processing /home/vscode/miniconda/envs/airflow-env/lib/python3.10/site-packages/airflow/example_dags/plugins/workday.py took 0.252 seconds
