[2025-03-27T08:51:49.209+0000] {processor.py:156} INFO - Started process (PID=84017) to work on /home/vscode/miniconda/envs/airflow-env/lib/python3.10/site-packages/airflow/example_dags/example_datasets.py
[2025-03-27T08:51:49.209+0000] {processor.py:799} INFO - Processing file /home/vscode/miniconda/envs/airflow-env/lib/python3.10/site-packages/airflow/example_dags/example_datasets.py for tasks to queue
[2025-03-27T08:51:49.210+0000] {logging_mixin.py:149} INFO - [2025-03-27T08:51:49.210+0000] {dagbag.py:541} INFO - Filling up the DagBag from /home/vscode/miniconda/envs/airflow-env/lib/python3.10/site-packages/airflow/example_dags/example_datasets.py
[2025-03-27T08:51:49.216+0000] {processor.py:809} INFO - DAG(s) dict_keys(['dataset_consumes_1_and_2', 'dataset_produces_2', 'dataset_produces_1', 'dataset_consumes_unknown_never_scheduled', 'dataset_consumes_1', 'dataset_consumes_1_never_scheduled']) retrieved from /home/vscode/miniconda/envs/airflow-env/lib/python3.10/site-packages/airflow/example_dags/example_datasets.py
[2025-03-27T08:51:49.273+0000] {logging_mixin.py:149} INFO - [2025-03-27T08:51:49.273+0000] {dag.py:2726} INFO - Sync 6 DAGs
[2025-03-27T08:51:49.293+0000] {logging_mixin.py:149} INFO - [2025-03-27T08:51:49.293+0000] {dag.py:3486} INFO - Setting next_dagrun for dataset_consumes_1 to None, run_after=None
[2025-03-27T08:51:49.296+0000] {logging_mixin.py:149} INFO - [2025-03-27T08:51:49.296+0000] {dag.py:3486} INFO - Setting next_dagrun for dataset_consumes_1_and_2 to None, run_after=None
[2025-03-27T08:51:49.297+0000] {logging_mixin.py:149} INFO - [2025-03-27T08:51:49.297+0000] {dag.py:3486} INFO - Setting next_dagrun for dataset_consumes_1_never_scheduled to None, run_after=None
[2025-03-27T08:51:49.298+0000] {logging_mixin.py:149} INFO - [2025-03-27T08:51:49.297+0000] {dag.py:3486} INFO - Setting next_dagrun for dataset_consumes_unknown_never_scheduled to None, run_after=None
[2025-03-27T08:51:49.300+0000] {logging_mixin.py:149} INFO - [2025-03-27T08:51:49.300+0000] {dag.py:3486} INFO - Setting next_dagrun for dataset_produces_1 to 2025-03-26T00:00:00+00:00, run_after=2025-03-27T00:00:00+00:00
[2025-03-27T08:51:49.301+0000] {logging_mixin.py:149} INFO - [2025-03-27T08:51:49.301+0000] {dag.py:3486} INFO - Setting next_dagrun for dataset_produces_2 to None, run_after=None
[2025-03-27T08:51:49.351+0000] {processor.py:178} INFO - Processing /home/vscode/miniconda/envs/airflow-env/lib/python3.10/site-packages/airflow/example_dags/example_datasets.py took 0.144 seconds
[2025-03-27T08:52:38.985+0000] {processor.py:156} INFO - Started process (PID=84618) to work on /home/vscode/miniconda/envs/airflow-env/lib/python3.10/site-packages/airflow/example_dags/example_datasets.py
[2025-03-27T08:52:38.985+0000] {processor.py:799} INFO - Processing file /home/vscode/miniconda/envs/airflow-env/lib/python3.10/site-packages/airflow/example_dags/example_datasets.py for tasks to queue
[2025-03-27T08:52:38.986+0000] {logging_mixin.py:149} INFO - [2025-03-27T08:52:38.986+0000] {dagbag.py:541} INFO - Filling up the DagBag from /home/vscode/miniconda/envs/airflow-env/lib/python3.10/site-packages/airflow/example_dags/example_datasets.py
[2025-03-27T08:52:38.992+0000] {processor.py:809} INFO - DAG(s) dict_keys(['dataset_consumes_unknown_never_scheduled', 'dataset_produces_2', 'dataset_consumes_1', 'dataset_consumes_1_and_2', 'dataset_consumes_1_never_scheduled', 'dataset_produces_1']) retrieved from /home/vscode/miniconda/envs/airflow-env/lib/python3.10/site-packages/airflow/example_dags/example_datasets.py
[2025-03-27T08:52:39.013+0000] {logging_mixin.py:149} INFO - [2025-03-27T08:52:39.013+0000] {dag.py:2726} INFO - Sync 6 DAGs
[2025-03-27T08:52:39.027+0000] {logging_mixin.py:149} INFO - [2025-03-27T08:52:39.027+0000] {dag.py:3486} INFO - Setting next_dagrun for dataset_consumes_1 to None, run_after=None
[2025-03-27T08:52:39.029+0000] {logging_mixin.py:149} INFO - [2025-03-27T08:52:39.029+0000] {dag.py:3486} INFO - Setting next_dagrun for dataset_consumes_1_and_2 to None, run_after=None
[2025-03-27T08:52:39.029+0000] {logging_mixin.py:149} INFO - [2025-03-27T08:52:39.029+0000] {dag.py:3486} INFO - Setting next_dagrun for dataset_consumes_1_never_scheduled to None, run_after=None
[2025-03-27T08:52:39.030+0000] {logging_mixin.py:149} INFO - [2025-03-27T08:52:39.030+0000] {dag.py:3486} INFO - Setting next_dagrun for dataset_consumes_unknown_never_scheduled to None, run_after=None
[2025-03-27T08:52:39.032+0000] {logging_mixin.py:149} INFO - [2025-03-27T08:52:39.032+0000] {dag.py:3486} INFO - Setting next_dagrun for dataset_produces_1 to 2025-03-26T00:00:00+00:00, run_after=2025-03-27T00:00:00+00:00
[2025-03-27T08:52:39.032+0000] {logging_mixin.py:149} INFO - [2025-03-27T08:52:39.032+0000] {dag.py:3486} INFO - Setting next_dagrun for dataset_produces_2 to None, run_after=None
[2025-03-27T08:52:39.054+0000] {processor.py:178} INFO - Processing /home/vscode/miniconda/envs/airflow-env/lib/python3.10/site-packages/airflow/example_dags/example_datasets.py took 0.071 seconds
[2025-03-27T08:53:22.953+0000] {processor.py:156} INFO - Started process (PID=85049) to work on /home/vscode/miniconda/envs/airflow-env/lib/python3.10/site-packages/airflow/example_dags/example_datasets.py
[2025-03-27T08:53:22.954+0000] {processor.py:799} INFO - Processing file /home/vscode/miniconda/envs/airflow-env/lib/python3.10/site-packages/airflow/example_dags/example_datasets.py for tasks to queue
[2025-03-27T08:53:22.954+0000] {logging_mixin.py:149} INFO - [2025-03-27T08:53:22.954+0000] {dagbag.py:541} INFO - Filling up the DagBag from /home/vscode/miniconda/envs/airflow-env/lib/python3.10/site-packages/airflow/example_dags/example_datasets.py
[2025-03-27T08:53:22.960+0000] {processor.py:809} INFO - DAG(s) dict_keys(['dataset_consumes_1', 'dataset_produces_1', 'dataset_produces_2', 'dataset_consumes_1_and_2', 'dataset_consumes_unknown_never_scheduled', 'dataset_consumes_1_never_scheduled']) retrieved from /home/vscode/miniconda/envs/airflow-env/lib/python3.10/site-packages/airflow/example_dags/example_datasets.py
[2025-03-27T08:53:22.983+0000] {logging_mixin.py:149} INFO - [2025-03-27T08:53:22.983+0000] {dag.py:2726} INFO - Sync 6 DAGs
[2025-03-27T08:53:22.997+0000] {logging_mixin.py:149} INFO - [2025-03-27T08:53:22.997+0000] {dag.py:3486} INFO - Setting next_dagrun for dataset_consumes_1 to None, run_after=None
[2025-03-27T08:53:22.999+0000] {logging_mixin.py:149} INFO - [2025-03-27T08:53:22.999+0000] {dag.py:3486} INFO - Setting next_dagrun for dataset_consumes_1_and_2 to None, run_after=None
[2025-03-27T08:53:23.000+0000] {logging_mixin.py:149} INFO - [2025-03-27T08:53:23.000+0000] {dag.py:3486} INFO - Setting next_dagrun for dataset_consumes_1_never_scheduled to None, run_after=None
[2025-03-27T08:53:23.000+0000] {logging_mixin.py:149} INFO - [2025-03-27T08:53:23.000+0000] {dag.py:3486} INFO - Setting next_dagrun for dataset_consumes_unknown_never_scheduled to None, run_after=None
[2025-03-27T08:53:23.002+0000] {logging_mixin.py:149} INFO - [2025-03-27T08:53:23.002+0000] {dag.py:3486} INFO - Setting next_dagrun for dataset_produces_1 to 2025-03-26T00:00:00+00:00, run_after=2025-03-27T00:00:00+00:00
[2025-03-27T08:53:23.003+0000] {logging_mixin.py:149} INFO - [2025-03-27T08:53:23.002+0000] {dag.py:3486} INFO - Setting next_dagrun for dataset_produces_2 to None, run_after=None
[2025-03-27T08:53:23.024+0000] {processor.py:178} INFO - Processing /home/vscode/miniconda/envs/airflow-env/lib/python3.10/site-packages/airflow/example_dags/example_datasets.py took 0.073 seconds
