[2025-03-27T08:51:34.805+0000] {processor.py:156} INFO - Started process (PID=83902) to work on /home/vscode/miniconda/envs/airflow-env/lib/python3.10/site-packages/airflow/example_dags/example_task_group.py
[2025-03-27T08:51:34.806+0000] {processor.py:799} INFO - Processing file /home/vscode/miniconda/envs/airflow-env/lib/python3.10/site-packages/airflow/example_dags/example_task_group.py for tasks to queue
[2025-03-27T08:51:34.806+0000] {logging_mixin.py:149} INFO - [2025-03-27T08:51:34.806+0000] {dagbag.py:541} INFO - Filling up the DagBag from /home/vscode/miniconda/envs/airflow-env/lib/python3.10/site-packages/airflow/example_dags/example_task_group.py
[2025-03-27T08:51:34.813+0000] {processor.py:809} INFO - DAG(s) dict_keys(['example_task_group']) retrieved from /home/vscode/miniconda/envs/airflow-env/lib/python3.10/site-packages/airflow/example_dags/example_task_group.py
[2025-03-27T08:51:34.828+0000] {logging_mixin.py:149} INFO - [2025-03-27T08:51:34.828+0000] {dag.py:2726} INFO - Sync 1 DAGs
[2025-03-27T08:51:34.842+0000] {logging_mixin.py:149} INFO - [2025-03-27T08:51:34.842+0000] {dag.py:3486} INFO - Setting next_dagrun for example_task_group to 2025-03-26T08:51:34.841931+00:00, run_after=2025-03-27T08:51:34.841931+00:00
[2025-03-27T08:51:34.857+0000] {processor.py:178} INFO - Processing /home/vscode/miniconda/envs/airflow-env/lib/python3.10/site-packages/airflow/example_dags/example_task_group.py took 0.054 seconds
[2025-03-27T08:52:24.678+0000] {processor.py:156} INFO - Started process (PID=84425) to work on /home/vscode/miniconda/envs/airflow-env/lib/python3.10/site-packages/airflow/example_dags/example_task_group.py
[2025-03-27T08:52:24.679+0000] {processor.py:799} INFO - Processing file /home/vscode/miniconda/envs/airflow-env/lib/python3.10/site-packages/airflow/example_dags/example_task_group.py for tasks to queue
[2025-03-27T08:52:24.679+0000] {logging_mixin.py:149} INFO - [2025-03-27T08:52:24.679+0000] {dagbag.py:541} INFO - Filling up the DagBag from /home/vscode/miniconda/envs/airflow-env/lib/python3.10/site-packages/airflow/example_dags/example_task_group.py
[2025-03-27T08:52:24.685+0000] {processor.py:809} INFO - DAG(s) dict_keys(['example_task_group']) retrieved from /home/vscode/miniconda/envs/airflow-env/lib/python3.10/site-packages/airflow/example_dags/example_task_group.py
[2025-03-27T08:52:24.698+0000] {logging_mixin.py:149} INFO - [2025-03-27T08:52:24.698+0000] {dag.py:2726} INFO - Sync 1 DAGs
[2025-03-27T08:52:24.713+0000] {logging_mixin.py:149} INFO - [2025-03-27T08:52:24.713+0000] {dag.py:3486} INFO - Setting next_dagrun for example_task_group to 2025-03-26T08:52:24.713411+00:00, run_after=2025-03-27T08:52:24.713411+00:00
[2025-03-27T08:52:24.730+0000] {processor.py:178} INFO - Processing /home/vscode/miniconda/envs/airflow-env/lib/python3.10/site-packages/airflow/example_dags/example_task_group.py took 0.054 seconds
[2025-03-27T08:53:08.701+0000] {processor.py:156} INFO - Started process (PID=84911) to work on /home/vscode/miniconda/envs/airflow-env/lib/python3.10/site-packages/airflow/example_dags/example_task_group.py
[2025-03-27T08:53:08.701+0000] {processor.py:799} INFO - Processing file /home/vscode/miniconda/envs/airflow-env/lib/python3.10/site-packages/airflow/example_dags/example_task_group.py for tasks to queue
[2025-03-27T08:53:08.702+0000] {logging_mixin.py:149} INFO - [2025-03-27T08:53:08.702+0000] {dagbag.py:541} INFO - Filling up the DagBag from /home/vscode/miniconda/envs/airflow-env/lib/python3.10/site-packages/airflow/example_dags/example_task_group.py
[2025-03-27T08:53:08.708+0000] {processor.py:809} INFO - DAG(s) dict_keys(['example_task_group']) retrieved from /home/vscode/miniconda/envs/airflow-env/lib/python3.10/site-packages/airflow/example_dags/example_task_group.py
[2025-03-27T08:53:08.722+0000] {logging_mixin.py:149} INFO - [2025-03-27T08:53:08.722+0000] {dag.py:2726} INFO - Sync 1 DAGs
[2025-03-27T08:53:08.735+0000] {logging_mixin.py:149} INFO - [2025-03-27T08:53:08.735+0000] {dag.py:3486} INFO - Setting next_dagrun for example_task_group to 2025-03-26T08:53:08.734851+00:00, run_after=2025-03-27T08:53:08.734851+00:00
[2025-03-27T08:53:08.750+0000] {processor.py:178} INFO - Processing /home/vscode/miniconda/envs/airflow-env/lib/python3.10/site-packages/airflow/example_dags/example_task_group.py took 0.051 seconds
