[2025-03-27T08:51:37.685+0000] {processor.py:156} INFO - Started process (PID=83930) to work on /home/vscode/miniconda/envs/airflow-env/lib/python3.10/site-packages/airflow/example_dags/example_sla_dag.py
[2025-03-27T08:51:37.686+0000] {processor.py:799} INFO - Processing file /home/vscode/miniconda/envs/airflow-env/lib/python3.10/site-packages/airflow/example_dags/example_sla_dag.py for tasks to queue
[2025-03-27T08:51:37.686+0000] {logging_mixin.py:149} INFO - [2025-03-27T08:51:37.686+0000] {dagbag.py:541} INFO - Filling up the DagBag from /home/vscode/miniconda/envs/airflow-env/lib/python3.10/site-packages/airflow/example_dags/example_sla_dag.py
[2025-03-27T08:51:37.692+0000] {processor.py:809} INFO - DAG(s) dict_keys(['example_sla_dag']) retrieved from /home/vscode/miniconda/envs/airflow-env/lib/python3.10/site-packages/airflow/example_dags/example_sla_dag.py
[2025-03-27T08:51:37.706+0000] {logging_mixin.py:149} INFO - [2025-03-27T08:51:37.706+0000] {dag.py:2726} INFO - Sync 1 DAGs
[2025-03-27T08:51:37.723+0000] {logging_mixin.py:149} INFO - [2025-03-27T08:51:37.723+0000] {dag.py:3486} INFO - Setting next_dagrun for example_sla_dag to 2025-03-27T08:48:00+00:00, run_after=2025-03-27T08:50:00+00:00
[2025-03-27T08:51:37.738+0000] {processor.py:178} INFO - Processing /home/vscode/miniconda/envs/airflow-env/lib/python3.10/site-packages/airflow/example_dags/example_sla_dag.py took 0.055 seconds
[2025-03-27T08:52:26.415+0000] {processor.py:156} INFO - Started process (PID=84448) to work on /home/vscode/miniconda/envs/airflow-env/lib/python3.10/site-packages/airflow/example_dags/example_sla_dag.py
[2025-03-27T08:52:26.415+0000] {processor.py:799} INFO - Processing file /home/vscode/miniconda/envs/airflow-env/lib/python3.10/site-packages/airflow/example_dags/example_sla_dag.py for tasks to queue
[2025-03-27T08:52:26.416+0000] {logging_mixin.py:149} INFO - [2025-03-27T08:52:26.416+0000] {dagbag.py:541} INFO - Filling up the DagBag from /home/vscode/miniconda/envs/airflow-env/lib/python3.10/site-packages/airflow/example_dags/example_sla_dag.py
[2025-03-27T08:52:26.422+0000] {processor.py:809} INFO - DAG(s) dict_keys(['example_sla_dag']) retrieved from /home/vscode/miniconda/envs/airflow-env/lib/python3.10/site-packages/airflow/example_dags/example_sla_dag.py
[2025-03-27T08:52:26.435+0000] {logging_mixin.py:149} INFO - [2025-03-27T08:52:26.435+0000] {dag.py:2726} INFO - Sync 1 DAGs
[2025-03-27T08:52:26.451+0000] {logging_mixin.py:149} INFO - [2025-03-27T08:52:26.451+0000] {dag.py:3486} INFO - Setting next_dagrun for example_sla_dag to 2025-03-27T08:50:00+00:00, run_after=2025-03-27T08:52:00+00:00
[2025-03-27T08:52:26.467+0000] {processor.py:178} INFO - Processing /home/vscode/miniconda/envs/airflow-env/lib/python3.10/site-packages/airflow/example_dags/example_sla_dag.py took 0.054 seconds
[2025-03-27T08:53:10.988+0000] {processor.py:156} INFO - Started process (PID=84934) to work on /home/vscode/miniconda/envs/airflow-env/lib/python3.10/site-packages/airflow/example_dags/example_sla_dag.py
[2025-03-27T08:53:10.989+0000] {processor.py:799} INFO - Processing file /home/vscode/miniconda/envs/airflow-env/lib/python3.10/site-packages/airflow/example_dags/example_sla_dag.py for tasks to queue
[2025-03-27T08:53:10.990+0000] {logging_mixin.py:149} INFO - [2025-03-27T08:53:10.990+0000] {dagbag.py:541} INFO - Filling up the DagBag from /home/vscode/miniconda/envs/airflow-env/lib/python3.10/site-packages/airflow/example_dags/example_sla_dag.py
[2025-03-27T08:53:10.997+0000] {processor.py:809} INFO - DAG(s) dict_keys(['example_sla_dag']) retrieved from /home/vscode/miniconda/envs/airflow-env/lib/python3.10/site-packages/airflow/example_dags/example_sla_dag.py
[2025-03-27T08:53:11.016+0000] {logging_mixin.py:149} INFO - [2025-03-27T08:53:11.015+0000] {dag.py:2726} INFO - Sync 1 DAGs
[2025-03-27T08:53:11.039+0000] {logging_mixin.py:149} INFO - [2025-03-27T08:53:11.039+0000] {dag.py:3486} INFO - Setting next_dagrun for example_sla_dag to 2025-03-27T08:50:00+00:00, run_after=2025-03-27T08:52:00+00:00
[2025-03-27T08:53:11.060+0000] {processor.py:178} INFO - Processing /home/vscode/miniconda/envs/airflow-env/lib/python3.10/site-packages/airflow/example_dags/example_sla_dag.py took 0.074 seconds
