[2025-03-27T08:51:55.285+0000] {processor.py:156} INFO - Started process (PID=84063) to work on /home/vscode/miniconda/envs/airflow-env/lib/python3.10/site-packages/airflow/example_dags/example_complex.py
[2025-03-27T08:51:55.286+0000] {processor.py:799} INFO - Processing file /home/vscode/miniconda/envs/airflow-env/lib/python3.10/site-packages/airflow/example_dags/example_complex.py for tasks to queue
[2025-03-27T08:51:55.286+0000] {logging_mixin.py:149} INFO - [2025-03-27T08:51:55.286+0000] {dagbag.py:541} INFO - Filling up the DagBag from /home/vscode/miniconda/envs/airflow-env/lib/python3.10/site-packages/airflow/example_dags/example_complex.py
[2025-03-27T08:51:55.293+0000] {logging_mixin.py:149} INFO - [2025-03-27T08:51:55.293+0000] {taskmixin.py:211} WARNING - Dependency <Task(BashOperator): create_entry_group>, delete_entry_group already registered for DAG: example_complex
[2025-03-27T08:51:55.293+0000] {logging_mixin.py:149} INFO - [2025-03-27T08:51:55.293+0000] {taskmixin.py:211} WARNING - Dependency <Task(BashOperator): delete_entry_group>, create_entry_group already registered for DAG: example_complex
[2025-03-27T08:51:55.293+0000] {logging_mixin.py:149} INFO - [2025-03-27T08:51:55.293+0000] {taskmixin.py:211} WARNING - Dependency <Task(BashOperator): create_entry_gcs>, delete_entry already registered for DAG: example_complex
[2025-03-27T08:51:55.293+0000] {logging_mixin.py:149} INFO - [2025-03-27T08:51:55.293+0000] {taskmixin.py:211} WARNING - Dependency <Task(BashOperator): delete_entry>, create_entry_gcs already registered for DAG: example_complex
[2025-03-27T08:51:55.293+0000] {logging_mixin.py:149} INFO - [2025-03-27T08:51:55.293+0000] {taskmixin.py:211} WARNING - Dependency <Task(BashOperator): create_tag>, delete_tag already registered for DAG: example_complex
[2025-03-27T08:51:55.294+0000] {logging_mixin.py:149} INFO - [2025-03-27T08:51:55.294+0000] {taskmixin.py:211} WARNING - Dependency <Task(BashOperator): delete_tag>, create_tag already registered for DAG: example_complex
[2025-03-27T08:51:55.295+0000] {processor.py:809} INFO - DAG(s) dict_keys(['example_complex']) retrieved from /home/vscode/miniconda/envs/airflow-env/lib/python3.10/site-packages/airflow/example_dags/example_complex.py
[2025-03-27T08:51:55.314+0000] {logging_mixin.py:149} INFO - [2025-03-27T08:51:55.314+0000] {dag.py:2726} INFO - Sync 1 DAGs
[2025-03-27T08:51:55.327+0000] {logging_mixin.py:149} INFO - [2025-03-27T08:51:55.327+0000] {dag.py:3486} INFO - Setting next_dagrun for example_complex to None, run_after=None
[2025-03-27T08:51:55.344+0000] {processor.py:178} INFO - Processing /home/vscode/miniconda/envs/airflow-env/lib/python3.10/site-packages/airflow/example_dags/example_complex.py took 0.061 seconds
[2025-03-27T08:52:48.137+0000] {processor.py:156} INFO - Started process (PID=84714) to work on /home/vscode/miniconda/envs/airflow-env/lib/python3.10/site-packages/airflow/example_dags/example_complex.py
[2025-03-27T08:52:48.138+0000] {processor.py:799} INFO - Processing file /home/vscode/miniconda/envs/airflow-env/lib/python3.10/site-packages/airflow/example_dags/example_complex.py for tasks to queue
[2025-03-27T08:52:48.138+0000] {logging_mixin.py:149} INFO - [2025-03-27T08:52:48.138+0000] {dagbag.py:541} INFO - Filling up the DagBag from /home/vscode/miniconda/envs/airflow-env/lib/python3.10/site-packages/airflow/example_dags/example_complex.py
[2025-03-27T08:52:48.145+0000] {logging_mixin.py:149} INFO - [2025-03-27T08:52:48.145+0000] {taskmixin.py:211} WARNING - Dependency <Task(BashOperator): create_entry_group>, delete_entry_group already registered for DAG: example_complex
[2025-03-27T08:52:48.145+0000] {logging_mixin.py:149} INFO - [2025-03-27T08:52:48.145+0000] {taskmixin.py:211} WARNING - Dependency <Task(BashOperator): delete_entry_group>, create_entry_group already registered for DAG: example_complex
[2025-03-27T08:52:48.145+0000] {logging_mixin.py:149} INFO - [2025-03-27T08:52:48.145+0000] {taskmixin.py:211} WARNING - Dependency <Task(BashOperator): create_entry_gcs>, delete_entry already registered for DAG: example_complex
[2025-03-27T08:52:48.145+0000] {logging_mixin.py:149} INFO - [2025-03-27T08:52:48.145+0000] {taskmixin.py:211} WARNING - Dependency <Task(BashOperator): delete_entry>, create_entry_gcs already registered for DAG: example_complex
[2025-03-27T08:52:48.146+0000] {logging_mixin.py:149} INFO - [2025-03-27T08:52:48.146+0000] {taskmixin.py:211} WARNING - Dependency <Task(BashOperator): create_tag>, delete_tag already registered for DAG: example_complex
[2025-03-27T08:52:48.146+0000] {logging_mixin.py:149} INFO - [2025-03-27T08:52:48.146+0000] {taskmixin.py:211} WARNING - Dependency <Task(BashOperator): delete_tag>, create_tag already registered for DAG: example_complex
[2025-03-27T08:52:48.147+0000] {processor.py:809} INFO - DAG(s) dict_keys(['example_complex']) retrieved from /home/vscode/miniconda/envs/airflow-env/lib/python3.10/site-packages/airflow/example_dags/example_complex.py
[2025-03-27T08:52:48.170+0000] {logging_mixin.py:149} INFO - [2025-03-27T08:52:48.170+0000] {dag.py:2726} INFO - Sync 1 DAGs
[2025-03-27T08:52:48.191+0000] {logging_mixin.py:149} INFO - [2025-03-27T08:52:48.191+0000] {dag.py:3486} INFO - Setting next_dagrun for example_complex to None, run_after=None
[2025-03-27T08:52:48.212+0000] {processor.py:178} INFO - Processing /home/vscode/miniconda/envs/airflow-env/lib/python3.10/site-packages/airflow/example_dags/example_complex.py took 0.077 seconds
