[2025-03-27T08:51:40.551+0000] {processor.py:156} INFO - Started process (PID=83944) to work on /home/vscode/miniconda/envs/airflow-env/lib/python3.10/site-packages/airflow/example_dags/example_sensors.py
[2025-03-27T08:51:40.552+0000] {processor.py:799} INFO - Processing file /home/vscode/miniconda/envs/airflow-env/lib/python3.10/site-packages/airflow/example_dags/example_sensors.py for tasks to queue
[2025-03-27T08:51:40.552+0000] {logging_mixin.py:149} INFO - [2025-03-27T08:51:40.552+0000] {dagbag.py:541} INFO - Filling up the DagBag from /home/vscode/miniconda/envs/airflow-env/lib/python3.10/site-packages/airflow/example_dags/example_sensors.py
[2025-03-27T08:51:40.559+0000] {processor.py:809} INFO - DAG(s) dict_keys(['example_sensors']) retrieved from /home/vscode/miniconda/envs/airflow-env/lib/python3.10/site-packages/airflow/example_dags/example_sensors.py
[2025-03-27T08:51:40.583+0000] {logging_mixin.py:149} INFO - [2025-03-27T08:51:40.583+0000] {dag.py:2726} INFO - Sync 1 DAGs
[2025-03-27T08:51:40.596+0000] {logging_mixin.py:149} INFO - [2025-03-27T08:51:40.596+0000] {dag.py:3486} INFO - Setting next_dagrun for example_sensors to None, run_after=None
[2025-03-27T08:51:40.612+0000] {processor.py:178} INFO - Processing /home/vscode/miniconda/envs/airflow-env/lib/python3.10/site-packages/airflow/example_dags/example_sensors.py took 0.063 seconds
[2025-03-27T08:52:31.132+0000] {processor.py:156} INFO - Started process (PID=84491) to work on /home/vscode/miniconda/envs/airflow-env/lib/python3.10/site-packages/airflow/example_dags/example_sensors.py
[2025-03-27T08:52:31.132+0000] {processor.py:799} INFO - Processing file /home/vscode/miniconda/envs/airflow-env/lib/python3.10/site-packages/airflow/example_dags/example_sensors.py for tasks to queue
[2025-03-27T08:52:31.133+0000] {logging_mixin.py:149} INFO - [2025-03-27T08:52:31.133+0000] {dagbag.py:541} INFO - Filling up the DagBag from /home/vscode/miniconda/envs/airflow-env/lib/python3.10/site-packages/airflow/example_dags/example_sensors.py
[2025-03-27T08:52:31.140+0000] {processor.py:809} INFO - DAG(s) dict_keys(['example_sensors']) retrieved from /home/vscode/miniconda/envs/airflow-env/lib/python3.10/site-packages/airflow/example_dags/example_sensors.py
[2025-03-27T08:52:31.156+0000] {logging_mixin.py:149} INFO - [2025-03-27T08:52:31.155+0000] {dag.py:2726} INFO - Sync 1 DAGs
[2025-03-27T08:52:31.174+0000] {logging_mixin.py:149} INFO - [2025-03-27T08:52:31.174+0000] {dag.py:3486} INFO - Setting next_dagrun for example_sensors to None, run_after=None
[2025-03-27T08:52:31.190+0000] {processor.py:178} INFO - Processing /home/vscode/miniconda/envs/airflow-env/lib/python3.10/site-packages/airflow/example_dags/example_sensors.py took 0.060 seconds
[2025-03-27T08:53:14.976+0000] {processor.py:156} INFO - Started process (PID=84967) to work on /home/vscode/miniconda/envs/airflow-env/lib/python3.10/site-packages/airflow/example_dags/example_sensors.py
[2025-03-27T08:53:14.976+0000] {processor.py:799} INFO - Processing file /home/vscode/miniconda/envs/airflow-env/lib/python3.10/site-packages/airflow/example_dags/example_sensors.py for tasks to queue
[2025-03-27T08:53:14.977+0000] {logging_mixin.py:149} INFO - [2025-03-27T08:53:14.977+0000] {dagbag.py:541} INFO - Filling up the DagBag from /home/vscode/miniconda/envs/airflow-env/lib/python3.10/site-packages/airflow/example_dags/example_sensors.py
[2025-03-27T08:53:14.984+0000] {processor.py:809} INFO - DAG(s) dict_keys(['example_sensors']) retrieved from /home/vscode/miniconda/envs/airflow-env/lib/python3.10/site-packages/airflow/example_dags/example_sensors.py
[2025-03-27T08:53:14.998+0000] {logging_mixin.py:149} INFO - [2025-03-27T08:53:14.998+0000] {dag.py:2726} INFO - Sync 1 DAGs
[2025-03-27T08:53:15.011+0000] {logging_mixin.py:149} INFO - [2025-03-27T08:53:15.011+0000] {dag.py:3486} INFO - Setting next_dagrun for example_sensors to None, run_after=None
[2025-03-27T08:53:15.026+0000] {processor.py:178} INFO - Processing /home/vscode/miniconda/envs/airflow-env/lib/python3.10/site-packages/airflow/example_dags/example_sensors.py took 0.053 seconds
