[2025-03-27T08:51:40.401+0000] {processor.py:156} INFO - Started process (PID=83943) to work on /home/vscode/miniconda/envs/airflow-env/lib/python3.10/site-packages/airflow/example_dags/example_short_circuit_operator.py
[2025-03-27T08:51:40.402+0000] {processor.py:799} INFO - Processing file /home/vscode/miniconda/envs/airflow-env/lib/python3.10/site-packages/airflow/example_dags/example_short_circuit_operator.py for tasks to queue
[2025-03-27T08:51:40.402+0000] {logging_mixin.py:149} INFO - [2025-03-27T08:51:40.402+0000] {dagbag.py:541} INFO - Filling up the DagBag from /home/vscode/miniconda/envs/airflow-env/lib/python3.10/site-packages/airflow/example_dags/example_short_circuit_operator.py
[2025-03-27T08:51:40.408+0000] {processor.py:809} INFO - DAG(s) dict_keys(['example_short_circuit_operator']) retrieved from /home/vscode/miniconda/envs/airflow-env/lib/python3.10/site-packages/airflow/example_dags/example_short_circuit_operator.py
[2025-03-27T08:51:40.426+0000] {logging_mixin.py:149} INFO - [2025-03-27T08:51:40.425+0000] {dag.py:2726} INFO - Sync 1 DAGs
[2025-03-27T08:51:40.440+0000] {logging_mixin.py:149} INFO - [2025-03-27T08:51:40.440+0000] {dag.py:3486} INFO - Setting next_dagrun for example_short_circuit_operator to 2025-03-26T08:51:40.439857+00:00, run_after=2025-03-27T08:51:40.439857+00:00
[2025-03-27T08:51:40.458+0000] {processor.py:178} INFO - Processing /home/vscode/miniconda/envs/airflow-env/lib/python3.10/site-packages/airflow/example_dags/example_short_circuit_operator.py took 0.058 seconds
[2025-03-27T08:52:30.965+0000] {processor.py:156} INFO - Started process (PID=84490) to work on /home/vscode/miniconda/envs/airflow-env/lib/python3.10/site-packages/airflow/example_dags/example_short_circuit_operator.py
[2025-03-27T08:52:30.966+0000] {processor.py:799} INFO - Processing file /home/vscode/miniconda/envs/airflow-env/lib/python3.10/site-packages/airflow/example_dags/example_short_circuit_operator.py for tasks to queue
[2025-03-27T08:52:30.966+0000] {logging_mixin.py:149} INFO - [2025-03-27T08:52:30.966+0000] {dagbag.py:541} INFO - Filling up the DagBag from /home/vscode/miniconda/envs/airflow-env/lib/python3.10/site-packages/airflow/example_dags/example_short_circuit_operator.py
[2025-03-27T08:52:30.972+0000] {processor.py:809} INFO - DAG(s) dict_keys(['example_short_circuit_operator']) retrieved from /home/vscode/miniconda/envs/airflow-env/lib/python3.10/site-packages/airflow/example_dags/example_short_circuit_operator.py
[2025-03-27T08:52:30.986+0000] {logging_mixin.py:149} INFO - [2025-03-27T08:52:30.986+0000] {dag.py:2726} INFO - Sync 1 DAGs
[2025-03-27T08:52:30.999+0000] {logging_mixin.py:149} INFO - [2025-03-27T08:52:30.999+0000] {dag.py:3486} INFO - Setting next_dagrun for example_short_circuit_operator to 2025-03-26T08:52:30.999540+00:00, run_after=2025-03-27T08:52:30.999540+00:00
[2025-03-27T08:52:31.015+0000] {processor.py:178} INFO - Processing /home/vscode/miniconda/envs/airflow-env/lib/python3.10/site-packages/airflow/example_dags/example_short_circuit_operator.py took 0.051 seconds
[2025-03-27T08:53:13.844+0000] {processor.py:156} INFO - Started process (PID=84959) to work on /home/vscode/miniconda/envs/airflow-env/lib/python3.10/site-packages/airflow/example_dags/example_short_circuit_operator.py
[2025-03-27T08:53:13.844+0000] {processor.py:799} INFO - Processing file /home/vscode/miniconda/envs/airflow-env/lib/python3.10/site-packages/airflow/example_dags/example_short_circuit_operator.py for tasks to queue
[2025-03-27T08:53:13.845+0000] {logging_mixin.py:149} INFO - [2025-03-27T08:53:13.845+0000] {dagbag.py:541} INFO - Filling up the DagBag from /home/vscode/miniconda/envs/airflow-env/lib/python3.10/site-packages/airflow/example_dags/example_short_circuit_operator.py
[2025-03-27T08:53:13.850+0000] {processor.py:809} INFO - DAG(s) dict_keys(['example_short_circuit_operator']) retrieved from /home/vscode/miniconda/envs/airflow-env/lib/python3.10/site-packages/airflow/example_dags/example_short_circuit_operator.py
[2025-03-27T08:53:13.864+0000] {logging_mixin.py:149} INFO - [2025-03-27T08:53:13.864+0000] {dag.py:2726} INFO - Sync 1 DAGs
[2025-03-27T08:53:13.877+0000] {logging_mixin.py:149} INFO - [2025-03-27T08:53:13.877+0000] {dag.py:3486} INFO - Setting next_dagrun for example_short_circuit_operator to 2025-03-26T08:53:13.877652+00:00, run_after=2025-03-27T08:53:13.877652+00:00
[2025-03-27T08:53:13.894+0000] {processor.py:178} INFO - Processing /home/vscode/miniconda/envs/airflow-env/lib/python3.10/site-packages/airflow/example_dags/example_short_circuit_operator.py took 0.052 seconds
