[2025-03-27T08:51:50.442+0000] {processor.py:156} INFO - Started process (PID=84019) to work on /home/vscode/miniconda/envs/airflow-env/lib/python3.10/site-packages/airflow/example_dags/example_latest_only_with_trigger.py
[2025-03-27T08:51:50.442+0000] {processor.py:799} INFO - Processing file /home/vscode/miniconda/envs/airflow-env/lib/python3.10/site-packages/airflow/example_dags/example_latest_only_with_trigger.py for tasks to queue
[2025-03-27T08:51:50.443+0000] {logging_mixin.py:149} INFO - [2025-03-27T08:51:50.443+0000] {dagbag.py:541} INFO - Filling up the DagBag from /home/vscode/miniconda/envs/airflow-env/lib/python3.10/site-packages/airflow/example_dags/example_latest_only_with_trigger.py
[2025-03-27T08:51:50.447+0000] {processor.py:809} INFO - DAG(s) dict_keys(['latest_only_with_trigger']) retrieved from /home/vscode/miniconda/envs/airflow-env/lib/python3.10/site-packages/airflow/example_dags/example_latest_only_with_trigger.py
[2025-03-27T08:51:50.463+0000] {logging_mixin.py:149} INFO - [2025-03-27T08:51:50.463+0000] {dag.py:2726} INFO - Sync 1 DAGs
[2025-03-27T08:51:50.479+0000] {logging_mixin.py:149} INFO - [2025-03-27T08:51:50.479+0000] {dag.py:3486} INFO - Setting next_dagrun for latest_only_with_trigger to 2025-03-27T04:51:50.479123+00:00, run_after=2025-03-27T08:51:50.479123+00:00
[2025-03-27T08:51:50.495+0000] {processor.py:178} INFO - Processing /home/vscode/miniconda/envs/airflow-env/lib/python3.10/site-packages/airflow/example_dags/example_latest_only_with_trigger.py took 0.056 seconds
[2025-03-27T08:52:40.116+0000] {processor.py:156} INFO - Started process (PID=84635) to work on /home/vscode/miniconda/envs/airflow-env/lib/python3.10/site-packages/airflow/example_dags/example_latest_only_with_trigger.py
[2025-03-27T08:52:40.117+0000] {processor.py:799} INFO - Processing file /home/vscode/miniconda/envs/airflow-env/lib/python3.10/site-packages/airflow/example_dags/example_latest_only_with_trigger.py for tasks to queue
[2025-03-27T08:52:40.117+0000] {logging_mixin.py:149} INFO - [2025-03-27T08:52:40.117+0000] {dagbag.py:541} INFO - Filling up the DagBag from /home/vscode/miniconda/envs/airflow-env/lib/python3.10/site-packages/airflow/example_dags/example_latest_only_with_trigger.py
[2025-03-27T08:52:40.122+0000] {processor.py:809} INFO - DAG(s) dict_keys(['latest_only_with_trigger']) retrieved from /home/vscode/miniconda/envs/airflow-env/lib/python3.10/site-packages/airflow/example_dags/example_latest_only_with_trigger.py
[2025-03-27T08:52:40.136+0000] {logging_mixin.py:149} INFO - [2025-03-27T08:52:40.136+0000] {dag.py:2726} INFO - Sync 1 DAGs
[2025-03-27T08:52:40.150+0000] {logging_mixin.py:149} INFO - [2025-03-27T08:52:40.150+0000] {dag.py:3486} INFO - Setting next_dagrun for latest_only_with_trigger to 2025-03-27T04:52:40.150102+00:00, run_after=2025-03-27T08:52:40.150102+00:00
[2025-03-27T08:52:40.167+0000] {processor.py:178} INFO - Processing /home/vscode/miniconda/envs/airflow-env/lib/python3.10/site-packages/airflow/example_dags/example_latest_only_with_trigger.py took 0.053 seconds
[2025-03-27T08:53:24.093+0000] {processor.py:156} INFO - Started process (PID=85057) to work on /home/vscode/miniconda/envs/airflow-env/lib/python3.10/site-packages/airflow/example_dags/example_latest_only_with_trigger.py
[2025-03-27T08:53:24.093+0000] {processor.py:799} INFO - Processing file /home/vscode/miniconda/envs/airflow-env/lib/python3.10/site-packages/airflow/example_dags/example_latest_only_with_trigger.py for tasks to queue
[2025-03-27T08:53:24.094+0000] {logging_mixin.py:149} INFO - [2025-03-27T08:53:24.094+0000] {dagbag.py:541} INFO - Filling up the DagBag from /home/vscode/miniconda/envs/airflow-env/lib/python3.10/site-packages/airflow/example_dags/example_latest_only_with_trigger.py
[2025-03-27T08:53:24.098+0000] {processor.py:809} INFO - DAG(s) dict_keys(['latest_only_with_trigger']) retrieved from /home/vscode/miniconda/envs/airflow-env/lib/python3.10/site-packages/airflow/example_dags/example_latest_only_with_trigger.py
[2025-03-27T08:53:24.111+0000] {logging_mixin.py:149} INFO - [2025-03-27T08:53:24.111+0000] {dag.py:2726} INFO - Sync 1 DAGs
[2025-03-27T08:53:24.124+0000] {logging_mixin.py:149} INFO - [2025-03-27T08:53:24.124+0000] {dag.py:3486} INFO - Setting next_dagrun for latest_only_with_trigger to 2025-03-27T04:53:24.124419+00:00, run_after=2025-03-27T08:53:24.124419+00:00
[2025-03-27T08:53:24.141+0000] {processor.py:178} INFO - Processing /home/vscode/miniconda/envs/airflow-env/lib/python3.10/site-packages/airflow/example_dags/example_latest_only_with_trigger.py took 0.050 seconds
