[2025-03-27T08:51:45.690+0000] {processor.py:156} INFO - Started process (PID=83988) to work on /home/vscode/miniconda/envs/airflow-env/lib/python3.10/site-packages/airflow/example_dags/example_params_trigger_ui.py
[2025-03-27T08:51:45.691+0000] {processor.py:799} INFO - Processing file /home/vscode/miniconda/envs/airflow-env/lib/python3.10/site-packages/airflow/example_dags/example_params_trigger_ui.py for tasks to queue
[2025-03-27T08:51:45.691+0000] {logging_mixin.py:149} INFO - [2025-03-27T08:51:45.691+0000] {dagbag.py:541} INFO - Filling up the DagBag from /home/vscode/miniconda/envs/airflow-env/lib/python3.10/site-packages/airflow/example_dags/example_params_trigger_ui.py
[2025-03-27T08:51:45.707+0000] {processor.py:809} INFO - DAG(s) dict_keys(['example_params_trigger_ui']) retrieved from /home/vscode/miniconda/envs/airflow-env/lib/python3.10/site-packages/airflow/example_dags/example_params_trigger_ui.py
[2025-03-27T08:51:45.760+0000] {logging_mixin.py:149} INFO - [2025-03-27T08:51:45.760+0000] {dag.py:2726} INFO - Sync 1 DAGs
[2025-03-27T08:51:45.774+0000] {logging_mixin.py:149} INFO - [2025-03-27T08:51:45.774+0000] {dag.py:3486} INFO - Setting next_dagrun for example_params_trigger_ui to None, run_after=None
[2025-03-27T08:51:45.789+0000] {processor.py:178} INFO - Processing /home/vscode/miniconda/envs/airflow-env/lib/python3.10/site-packages/airflow/example_dags/example_params_trigger_ui.py took 0.101 seconds
[2025-03-27T08:52:36.110+0000] {processor.py:156} INFO - Started process (PID=84569) to work on /home/vscode/miniconda/envs/airflow-env/lib/python3.10/site-packages/airflow/example_dags/example_params_trigger_ui.py
[2025-03-27T08:52:36.110+0000] {processor.py:799} INFO - Processing file /home/vscode/miniconda/envs/airflow-env/lib/python3.10/site-packages/airflow/example_dags/example_params_trigger_ui.py for tasks to queue
[2025-03-27T08:52:36.111+0000] {logging_mixin.py:149} INFO - [2025-03-27T08:52:36.111+0000] {dagbag.py:541} INFO - Filling up the DagBag from /home/vscode/miniconda/envs/airflow-env/lib/python3.10/site-packages/airflow/example_dags/example_params_trigger_ui.py
[2025-03-27T08:52:36.126+0000] {processor.py:809} INFO - DAG(s) dict_keys(['example_params_trigger_ui']) retrieved from /home/vscode/miniconda/envs/airflow-env/lib/python3.10/site-packages/airflow/example_dags/example_params_trigger_ui.py
[2025-03-27T08:52:36.178+0000] {logging_mixin.py:149} INFO - [2025-03-27T08:52:36.178+0000] {dag.py:2726} INFO - Sync 1 DAGs
[2025-03-27T08:52:36.191+0000] {logging_mixin.py:149} INFO - [2025-03-27T08:52:36.191+0000] {dag.py:3486} INFO - Setting next_dagrun for example_params_trigger_ui to None, run_after=None
[2025-03-27T08:52:36.207+0000] {processor.py:178} INFO - Processing /home/vscode/miniconda/envs/airflow-env/lib/python3.10/site-packages/airflow/example_dags/example_params_trigger_ui.py took 0.099 seconds
[2025-03-27T08:53:20.120+0000] {processor.py:156} INFO - Started process (PID=85019) to work on /home/vscode/miniconda/envs/airflow-env/lib/python3.10/site-packages/airflow/example_dags/example_params_trigger_ui.py
[2025-03-27T08:53:20.121+0000] {processor.py:799} INFO - Processing file /home/vscode/miniconda/envs/airflow-env/lib/python3.10/site-packages/airflow/example_dags/example_params_trigger_ui.py for tasks to queue
[2025-03-27T08:53:20.121+0000] {logging_mixin.py:149} INFO - [2025-03-27T08:53:20.121+0000] {dagbag.py:541} INFO - Filling up the DagBag from /home/vscode/miniconda/envs/airflow-env/lib/python3.10/site-packages/airflow/example_dags/example_params_trigger_ui.py
[2025-03-27T08:53:20.137+0000] {processor.py:809} INFO - DAG(s) dict_keys(['example_params_trigger_ui']) retrieved from /home/vscode/miniconda/envs/airflow-env/lib/python3.10/site-packages/airflow/example_dags/example_params_trigger_ui.py
[2025-03-27T08:53:20.194+0000] {logging_mixin.py:149} INFO - [2025-03-27T08:53:20.193+0000] {dag.py:2726} INFO - Sync 1 DAGs
[2025-03-27T08:53:20.207+0000] {logging_mixin.py:149} INFO - [2025-03-27T08:53:20.207+0000] {dag.py:3486} INFO - Setting next_dagrun for example_params_trigger_ui to None, run_after=None
[2025-03-27T08:53:20.223+0000] {processor.py:178} INFO - Processing /home/vscode/miniconda/envs/airflow-env/lib/python3.10/site-packages/airflow/example_dags/example_params_trigger_ui.py took 0.105 seconds
