[2025-03-27T08:51:48.077+0000] {processor.py:156} INFO - Started process (PID=84002) to work on /home/vscode/miniconda/envs/airflow-env/lib/python3.10/site-packages/airflow/example_dags/example_python_operator.py
[2025-03-27T08:51:48.077+0000] {processor.py:799} INFO - Processing file /home/vscode/miniconda/envs/airflow-env/lib/python3.10/site-packages/airflow/example_dags/example_python_operator.py for tasks to queue
[2025-03-27T08:51:48.078+0000] {logging_mixin.py:149} INFO - [2025-03-27T08:51:48.078+0000] {dagbag.py:541} INFO - Filling up the DagBag from /home/vscode/miniconda/envs/airflow-env/lib/python3.10/site-packages/airflow/example_dags/example_python_operator.py
[2025-03-27T08:51:48.082+0000] {logging_mixin.py:149} INFO - [2025-03-27T08:51:48.082+0000] {taskmixin.py:211} WARNING - Dependency <Task(_PythonDecoratedOperator): print_the_context>, log_sql_query already registered for DAG: example_python_operator
[2025-03-27T08:51:48.083+0000] {logging_mixin.py:149} INFO - [2025-03-27T08:51:48.082+0000] {taskmixin.py:211} WARNING - Dependency <Task(_PythonDecoratedOperator): log_sql_query>, print_the_context already registered for DAG: example_python_operator
[2025-03-27T08:51:48.083+0000] {logging_mixin.py:149} INFO - [2025-03-27T08:51:48.083+0000] {taskmixin.py:211} WARNING - Dependency <Task(_PythonDecoratedOperator): print_the_context>, log_sql_query already registered for DAG: example_python_operator
[2025-03-27T08:51:48.083+0000] {logging_mixin.py:149} INFO - [2025-03-27T08:51:48.083+0000] {taskmixin.py:211} WARNING - Dependency <Task(_PythonDecoratedOperator): log_sql_query>, print_the_context already registered for DAG: example_python_operator
[2025-03-27T08:51:48.084+0000] {logging_mixin.py:149} INFO - [2025-03-27T08:51:48.084+0000] {taskmixin.py:211} WARNING - Dependency <Task(_PythonDecoratedOperator): print_the_context>, log_sql_query already registered for DAG: example_python_operator
[2025-03-27T08:51:48.084+0000] {logging_mixin.py:149} INFO - [2025-03-27T08:51:48.084+0000] {taskmixin.py:211} WARNING - Dependency <Task(_PythonDecoratedOperator): log_sql_query>, print_the_context already registered for DAG: example_python_operator
[2025-03-27T08:51:48.084+0000] {logging_mixin.py:149} INFO - [2025-03-27T08:51:48.084+0000] {taskmixin.py:211} WARNING - Dependency <Task(_PythonDecoratedOperator): print_the_context>, log_sql_query already registered for DAG: example_python_operator
[2025-03-27T08:51:48.084+0000] {logging_mixin.py:149} INFO - [2025-03-27T08:51:48.084+0000] {taskmixin.py:211} WARNING - Dependency <Task(_PythonDecoratedOperator): log_sql_query>, print_the_context already registered for DAG: example_python_operator
[2025-03-27T08:51:48.086+0000] {processor.py:809} INFO - DAG(s) dict_keys(['example_python_operator']) retrieved from /home/vscode/miniconda/envs/airflow-env/lib/python3.10/site-packages/airflow/example_dags/example_python_operator.py
[2025-03-27T08:51:48.122+0000] {logging_mixin.py:149} INFO - [2025-03-27T08:51:48.122+0000] {dag.py:2726} INFO - Sync 1 DAGs
[2025-03-27T08:51:48.134+0000] {logging_mixin.py:149} INFO - [2025-03-27T08:51:48.134+0000] {dag.py:3486} INFO - Setting next_dagrun for example_python_operator to None, run_after=None
[2025-03-27T08:51:48.151+0000] {processor.py:178} INFO - Processing /home/vscode/miniconda/envs/airflow-env/lib/python3.10/site-packages/airflow/example_dags/example_python_operator.py took 0.076 seconds
[2025-03-27T08:52:37.854+0000] {processor.py:156} INFO - Started process (PID=84604) to work on /home/vscode/miniconda/envs/airflow-env/lib/python3.10/site-packages/airflow/example_dags/example_python_operator.py
[2025-03-27T08:52:37.855+0000] {processor.py:799} INFO - Processing file /home/vscode/miniconda/envs/airflow-env/lib/python3.10/site-packages/airflow/example_dags/example_python_operator.py for tasks to queue
[2025-03-27T08:52:37.856+0000] {logging_mixin.py:149} INFO - [2025-03-27T08:52:37.855+0000] {dagbag.py:541} INFO - Filling up the DagBag from /home/vscode/miniconda/envs/airflow-env/lib/python3.10/site-packages/airflow/example_dags/example_python_operator.py
[2025-03-27T08:52:37.863+0000] {logging_mixin.py:149} INFO - [2025-03-27T08:52:37.863+0000] {taskmixin.py:211} WARNING - Dependency <Task(_PythonDecoratedOperator): print_the_context>, log_sql_query already registered for DAG: example_python_operator
[2025-03-27T08:52:37.863+0000] {logging_mixin.py:149} INFO - [2025-03-27T08:52:37.863+0000] {taskmixin.py:211} WARNING - Dependency <Task(_PythonDecoratedOperator): log_sql_query>, print_the_context already registered for DAG: example_python_operator
[2025-03-27T08:52:37.864+0000] {logging_mixin.py:149} INFO - [2025-03-27T08:52:37.864+0000] {taskmixin.py:211} WARNING - Dependency <Task(_PythonDecoratedOperator): print_the_context>, log_sql_query already registered for DAG: example_python_operator
[2025-03-27T08:52:37.864+0000] {logging_mixin.py:149} INFO - [2025-03-27T08:52:37.864+0000] {taskmixin.py:211} WARNING - Dependency <Task(_PythonDecoratedOperator): log_sql_query>, print_the_context already registered for DAG: example_python_operator
[2025-03-27T08:52:37.865+0000] {logging_mixin.py:149} INFO - [2025-03-27T08:52:37.865+0000] {taskmixin.py:211} WARNING - Dependency <Task(_PythonDecoratedOperator): print_the_context>, log_sql_query already registered for DAG: example_python_operator
[2025-03-27T08:52:37.865+0000] {logging_mixin.py:149} INFO - [2025-03-27T08:52:37.865+0000] {taskmixin.py:211} WARNING - Dependency <Task(_PythonDecoratedOperator): log_sql_query>, print_the_context already registered for DAG: example_python_operator
[2025-03-27T08:52:37.866+0000] {logging_mixin.py:149} INFO - [2025-03-27T08:52:37.866+0000] {taskmixin.py:211} WARNING - Dependency <Task(_PythonDecoratedOperator): print_the_context>, log_sql_query already registered for DAG: example_python_operator
[2025-03-27T08:52:37.866+0000] {logging_mixin.py:149} INFO - [2025-03-27T08:52:37.866+0000] {taskmixin.py:211} WARNING - Dependency <Task(_PythonDecoratedOperator): log_sql_query>, print_the_context already registered for DAG: example_python_operator
[2025-03-27T08:52:37.868+0000] {processor.py:809} INFO - DAG(s) dict_keys(['example_python_operator']) retrieved from /home/vscode/miniconda/envs/airflow-env/lib/python3.10/site-packages/airflow/example_dags/example_python_operator.py
[2025-03-27T08:52:37.891+0000] {logging_mixin.py:149} INFO - [2025-03-27T08:52:37.891+0000] {dag.py:2726} INFO - Sync 1 DAGs
[2025-03-27T08:52:37.905+0000] {logging_mixin.py:149} INFO - [2025-03-27T08:52:37.905+0000] {dag.py:3486} INFO - Setting next_dagrun for example_python_operator to None, run_after=None
[2025-03-27T08:52:37.920+0000] {processor.py:178} INFO - Processing /home/vscode/miniconda/envs/airflow-env/lib/python3.10/site-packages/airflow/example_dags/example_python_operator.py took 0.069 seconds
[2025-03-27T08:53:21.820+0000] {processor.py:156} INFO - Started process (PID=85041) to work on /home/vscode/miniconda/envs/airflow-env/lib/python3.10/site-packages/airflow/example_dags/example_python_operator.py
[2025-03-27T08:53:21.820+0000] {processor.py:799} INFO - Processing file /home/vscode/miniconda/envs/airflow-env/lib/python3.10/site-packages/airflow/example_dags/example_python_operator.py for tasks to queue
[2025-03-27T08:53:21.821+0000] {logging_mixin.py:149} INFO - [2025-03-27T08:53:21.821+0000] {dagbag.py:541} INFO - Filling up the DagBag from /home/vscode/miniconda/envs/airflow-env/lib/python3.10/site-packages/airflow/example_dags/example_python_operator.py
[2025-03-27T08:53:21.826+0000] {logging_mixin.py:149} INFO - [2025-03-27T08:53:21.825+0000] {taskmixin.py:211} WARNING - Dependency <Task(_PythonDecoratedOperator): print_the_context>, log_sql_query already registered for DAG: example_python_operator
[2025-03-27T08:53:21.826+0000] {logging_mixin.py:149} INFO - [2025-03-27T08:53:21.826+0000] {taskmixin.py:211} WARNING - Dependency <Task(_PythonDecoratedOperator): log_sql_query>, print_the_context already registered for DAG: example_python_operator
[2025-03-27T08:53:21.826+0000] {logging_mixin.py:149} INFO - [2025-03-27T08:53:21.826+0000] {taskmixin.py:211} WARNING - Dependency <Task(_PythonDecoratedOperator): print_the_context>, log_sql_query already registered for DAG: example_python_operator
[2025-03-27T08:53:21.827+0000] {logging_mixin.py:149} INFO - [2025-03-27T08:53:21.827+0000] {taskmixin.py:211} WARNING - Dependency <Task(_PythonDecoratedOperator): log_sql_query>, print_the_context already registered for DAG: example_python_operator
[2025-03-27T08:53:21.827+0000] {logging_mixin.py:149} INFO - [2025-03-27T08:53:21.827+0000] {taskmixin.py:211} WARNING - Dependency <Task(_PythonDecoratedOperator): print_the_context>, log_sql_query already registered for DAG: example_python_operator
[2025-03-27T08:53:21.827+0000] {logging_mixin.py:149} INFO - [2025-03-27T08:53:21.827+0000] {taskmixin.py:211} WARNING - Dependency <Task(_PythonDecoratedOperator): log_sql_query>, print_the_context already registered for DAG: example_python_operator
[2025-03-27T08:53:21.828+0000] {logging_mixin.py:149} INFO - [2025-03-27T08:53:21.828+0000] {taskmixin.py:211} WARNING - Dependency <Task(_PythonDecoratedOperator): print_the_context>, log_sql_query already registered for DAG: example_python_operator
[2025-03-27T08:53:21.828+0000] {logging_mixin.py:149} INFO - [2025-03-27T08:53:21.828+0000] {taskmixin.py:211} WARNING - Dependency <Task(_PythonDecoratedOperator): log_sql_query>, print_the_context already registered for DAG: example_python_operator
[2025-03-27T08:53:21.830+0000] {processor.py:809} INFO - DAG(s) dict_keys(['example_python_operator']) retrieved from /home/vscode/miniconda/envs/airflow-env/lib/python3.10/site-packages/airflow/example_dags/example_python_operator.py
[2025-03-27T08:53:21.845+0000] {logging_mixin.py:149} INFO - [2025-03-27T08:53:21.845+0000] {dag.py:2726} INFO - Sync 1 DAGs
[2025-03-27T08:53:21.858+0000] {logging_mixin.py:149} INFO - [2025-03-27T08:53:21.858+0000] {dag.py:3486} INFO - Setting next_dagrun for example_python_operator to None, run_after=None
[2025-03-27T08:53:21.873+0000] {processor.py:178} INFO - Processing /home/vscode/miniconda/envs/airflow-env/lib/python3.10/site-packages/airflow/example_dags/example_python_operator.py took 0.056 seconds
