[2025-03-27T08:51:33.673+0000] {processor.py:156} INFO - Started process (PID=83891) to work on /home/vscode/miniconda/envs/airflow-env/lib/python3.10/site-packages/airflow/example_dags/example_time_delta_sensor_async.py
[2025-03-27T08:51:33.674+0000] {processor.py:799} INFO - Processing file /home/vscode/miniconda/envs/airflow-env/lib/python3.10/site-packages/airflow/example_dags/example_time_delta_sensor_async.py for tasks to queue
[2025-03-27T08:51:33.674+0000] {logging_mixin.py:149} INFO - [2025-03-27T08:51:33.674+0000] {dagbag.py:541} INFO - Filling up the DagBag from /home/vscode/miniconda/envs/airflow-env/lib/python3.10/site-packages/airflow/example_dags/example_time_delta_sensor_async.py
[2025-03-27T08:51:33.679+0000] {processor.py:809} INFO - DAG(s) dict_keys(['example_time_delta_sensor_async']) retrieved from /home/vscode/miniconda/envs/airflow-env/lib/python3.10/site-packages/airflow/example_dags/example_time_delta_sensor_async.py
[2025-03-27T08:51:33.693+0000] {logging_mixin.py:149} INFO - [2025-03-27T08:51:33.693+0000] {dag.py:2726} INFO - Sync 1 DAGs
[2025-03-27T08:51:33.706+0000] {logging_mixin.py:149} INFO - [2025-03-27T08:51:33.706+0000] {dag.py:3486} INFO - Setting next_dagrun for example_time_delta_sensor_async to None, run_after=None
[2025-03-27T08:51:33.721+0000] {processor.py:178} INFO - Processing /home/vscode/miniconda/envs/airflow-env/lib/python3.10/site-packages/airflow/example_dags/example_time_delta_sensor_async.py took 0.051 seconds
[2025-03-27T08:52:23.544+0000] {processor.py:156} INFO - Started process (PID=84417) to work on /home/vscode/miniconda/envs/airflow-env/lib/python3.10/site-packages/airflow/example_dags/example_time_delta_sensor_async.py
[2025-03-27T08:52:23.544+0000] {processor.py:799} INFO - Processing file /home/vscode/miniconda/envs/airflow-env/lib/python3.10/site-packages/airflow/example_dags/example_time_delta_sensor_async.py for tasks to queue
[2025-03-27T08:52:23.545+0000] {logging_mixin.py:149} INFO - [2025-03-27T08:52:23.545+0000] {dagbag.py:541} INFO - Filling up the DagBag from /home/vscode/miniconda/envs/airflow-env/lib/python3.10/site-packages/airflow/example_dags/example_time_delta_sensor_async.py
[2025-03-27T08:52:23.548+0000] {processor.py:809} INFO - DAG(s) dict_keys(['example_time_delta_sensor_async']) retrieved from /home/vscode/miniconda/envs/airflow-env/lib/python3.10/site-packages/airflow/example_dags/example_time_delta_sensor_async.py
[2025-03-27T08:52:23.561+0000] {logging_mixin.py:149} INFO - [2025-03-27T08:52:23.561+0000] {dag.py:2726} INFO - Sync 1 DAGs
[2025-03-27T08:52:23.575+0000] {logging_mixin.py:149} INFO - [2025-03-27T08:52:23.574+0000] {dag.py:3486} INFO - Setting next_dagrun for example_time_delta_sensor_async to None, run_after=None
[2025-03-27T08:52:23.590+0000] {processor.py:178} INFO - Processing /home/vscode/miniconda/envs/airflow-env/lib/python3.10/site-packages/airflow/example_dags/example_time_delta_sensor_async.py took 0.049 seconds
[2025-03-27T08:53:07.562+0000] {processor.py:156} INFO - Started process (PID=84903) to work on /home/vscode/miniconda/envs/airflow-env/lib/python3.10/site-packages/airflow/example_dags/example_time_delta_sensor_async.py
[2025-03-27T08:53:07.562+0000] {processor.py:799} INFO - Processing file /home/vscode/miniconda/envs/airflow-env/lib/python3.10/site-packages/airflow/example_dags/example_time_delta_sensor_async.py for tasks to queue
[2025-03-27T08:53:07.563+0000] {logging_mixin.py:149} INFO - [2025-03-27T08:53:07.563+0000] {dagbag.py:541} INFO - Filling up the DagBag from /home/vscode/miniconda/envs/airflow-env/lib/python3.10/site-packages/airflow/example_dags/example_time_delta_sensor_async.py
[2025-03-27T08:53:07.566+0000] {processor.py:809} INFO - DAG(s) dict_keys(['example_time_delta_sensor_async']) retrieved from /home/vscode/miniconda/envs/airflow-env/lib/python3.10/site-packages/airflow/example_dags/example_time_delta_sensor_async.py
[2025-03-27T08:53:07.584+0000] {logging_mixin.py:149} INFO - [2025-03-27T08:53:07.583+0000] {dag.py:2726} INFO - Sync 1 DAGs
[2025-03-27T08:53:07.597+0000] {logging_mixin.py:149} INFO - [2025-03-27T08:53:07.597+0000] {dag.py:3486} INFO - Setting next_dagrun for example_time_delta_sensor_async to None, run_after=None
[2025-03-27T08:53:07.612+0000] {processor.py:178} INFO - Processing /home/vscode/miniconda/envs/airflow-env/lib/python3.10/site-packages/airflow/example_dags/example_time_delta_sensor_async.py took 0.052 seconds
