[2025-03-27T08:51:35.406+0000] {processor.py:156} INFO - Started process (PID=83910) to work on /home/vscode/miniconda/envs/airflow-env/lib/python3.10/site-packages/airflow/example_dags/example_subdag_operator.py
[2025-03-27T08:51:35.407+0000] {processor.py:799} INFO - Processing file /home/vscode/miniconda/envs/airflow-env/lib/python3.10/site-packages/airflow/example_dags/example_subdag_operator.py for tasks to queue
[2025-03-27T08:51:35.407+0000] {logging_mixin.py:149} INFO - [2025-03-27T08:51:35.407+0000] {dagbag.py:541} INFO - Filling up the DagBag from /home/vscode/miniconda/envs/airflow-env/lib/python3.10/site-packages/airflow/example_dags/example_subdag_operator.py
[2025-03-27T08:51:35.421+0000] {processor.py:809} INFO - DAG(s) dict_keys(['example_subdag_operator.section-1', 'example_subdag_operator.section-2', 'example_subdag_operator']) retrieved from /home/vscode/miniconda/envs/airflow-env/lib/python3.10/site-packages/airflow/example_dags/example_subdag_operator.py
[2025-03-27T08:51:35.434+0000] {logging_mixin.py:149} INFO - [2025-03-27T08:51:35.434+0000] {dag.py:2726} INFO - Sync 3 DAGs
[2025-03-27T08:51:35.447+0000] {logging_mixin.py:149} INFO - [2025-03-27T08:51:35.447+0000] {dag.py:3486} INFO - Setting next_dagrun for example_subdag_operator to 2022-01-01T00:00:00+00:00, run_after=2022-01-01T00:00:00+00:00
[2025-03-27T08:51:35.449+0000] {logging_mixin.py:149} INFO - [2025-03-27T08:51:35.449+0000] {dag.py:3486} INFO - Setting next_dagrun for example_subdag_operator.section-1 to None, run_after=None
[2025-03-27T08:51:35.450+0000] {logging_mixin.py:149} INFO - [2025-03-27T08:51:35.450+0000] {dag.py:3486} INFO - Setting next_dagrun for example_subdag_operator.section-2 to None, run_after=None
[2025-03-27T08:51:35.454+0000] {logging_mixin.py:149} INFO - [2025-03-27T08:51:35.454+0000] {dag.py:2726} INFO - Sync 2 DAGs
[2025-03-27T08:51:35.457+0000] {logging_mixin.py:149} INFO - [2025-03-27T08:51:35.457+0000] {dag.py:3486} INFO - Setting next_dagrun for example_subdag_operator.section-1 to None, run_after=None
[2025-03-27T08:51:35.457+0000] {logging_mixin.py:149} INFO - [2025-03-27T08:51:35.457+0000] {dag.py:3486} INFO - Setting next_dagrun for example_subdag_operator.section-2 to None, run_after=None
[2025-03-27T08:51:35.468+0000] {processor.py:178} INFO - Processing /home/vscode/miniconda/envs/airflow-env/lib/python3.10/site-packages/airflow/example_dags/example_subdag_operator.py took 0.063 seconds
[2025-03-27T08:52:25.809+0000] {processor.py:156} INFO - Started process (PID=84439) to work on /home/vscode/miniconda/envs/airflow-env/lib/python3.10/site-packages/airflow/example_dags/example_subdag_operator.py
[2025-03-27T08:52:25.810+0000] {processor.py:799} INFO - Processing file /home/vscode/miniconda/envs/airflow-env/lib/python3.10/site-packages/airflow/example_dags/example_subdag_operator.py for tasks to queue
[2025-03-27T08:52:25.810+0000] {logging_mixin.py:149} INFO - [2025-03-27T08:52:25.810+0000] {dagbag.py:541} INFO - Filling up the DagBag from /home/vscode/miniconda/envs/airflow-env/lib/python3.10/site-packages/airflow/example_dags/example_subdag_operator.py
[2025-03-27T08:52:25.824+0000] {processor.py:809} INFO - DAG(s) dict_keys(['example_subdag_operator.section-1', 'example_subdag_operator.section-2', 'example_subdag_operator']) retrieved from /home/vscode/miniconda/envs/airflow-env/lib/python3.10/site-packages/airflow/example_dags/example_subdag_operator.py
[2025-03-27T08:52:25.837+0000] {logging_mixin.py:149} INFO - [2025-03-27T08:52:25.837+0000] {dag.py:2726} INFO - Sync 3 DAGs
[2025-03-27T08:52:25.850+0000] {logging_mixin.py:149} INFO - [2025-03-27T08:52:25.850+0000] {dag.py:3486} INFO - Setting next_dagrun for example_subdag_operator to 2022-01-01T00:00:00+00:00, run_after=2022-01-01T00:00:00+00:00
[2025-03-27T08:52:25.852+0000] {logging_mixin.py:149} INFO - [2025-03-27T08:52:25.852+0000] {dag.py:3486} INFO - Setting next_dagrun for example_subdag_operator.section-1 to None, run_after=None
[2025-03-27T08:52:25.852+0000] {logging_mixin.py:149} INFO - [2025-03-27T08:52:25.852+0000] {dag.py:3486} INFO - Setting next_dagrun for example_subdag_operator.section-2 to None, run_after=None
[2025-03-27T08:52:25.857+0000] {logging_mixin.py:149} INFO - [2025-03-27T08:52:25.857+0000] {dag.py:2726} INFO - Sync 2 DAGs
[2025-03-27T08:52:25.859+0000] {logging_mixin.py:149} INFO - [2025-03-27T08:52:25.859+0000] {dag.py:3486} INFO - Setting next_dagrun for example_subdag_operator.section-1 to None, run_after=None
[2025-03-27T08:52:25.859+0000] {logging_mixin.py:149} INFO - [2025-03-27T08:52:25.859+0000] {dag.py:3486} INFO - Setting next_dagrun for example_subdag_operator.section-2 to None, run_after=None
[2025-03-27T08:52:25.870+0000] {processor.py:178} INFO - Processing /home/vscode/miniconda/envs/airflow-env/lib/python3.10/site-packages/airflow/example_dags/example_subdag_operator.py took 0.063 seconds
[2025-03-27T08:53:09.833+0000] {processor.py:156} INFO - Started process (PID=84919) to work on /home/vscode/miniconda/envs/airflow-env/lib/python3.10/site-packages/airflow/example_dags/example_subdag_operator.py
[2025-03-27T08:53:09.834+0000] {processor.py:799} INFO - Processing file /home/vscode/miniconda/envs/airflow-env/lib/python3.10/site-packages/airflow/example_dags/example_subdag_operator.py for tasks to queue
[2025-03-27T08:53:09.834+0000] {logging_mixin.py:149} INFO - [2025-03-27T08:53:09.834+0000] {dagbag.py:541} INFO - Filling up the DagBag from /home/vscode/miniconda/envs/airflow-env/lib/python3.10/site-packages/airflow/example_dags/example_subdag_operator.py
[2025-03-27T08:53:09.848+0000] {processor.py:809} INFO - DAG(s) dict_keys(['example_subdag_operator.section-1', 'example_subdag_operator.section-2', 'example_subdag_operator']) retrieved from /home/vscode/miniconda/envs/airflow-env/lib/python3.10/site-packages/airflow/example_dags/example_subdag_operator.py
[2025-03-27T08:53:09.860+0000] {logging_mixin.py:149} INFO - [2025-03-27T08:53:09.860+0000] {dag.py:2726} INFO - Sync 3 DAGs
[2025-03-27T08:53:09.877+0000] {logging_mixin.py:149} INFO - [2025-03-27T08:53:09.877+0000] {dag.py:3486} INFO - Setting next_dagrun for example_subdag_operator to 2022-01-01T00:00:00+00:00, run_after=2022-01-01T00:00:00+00:00
[2025-03-27T08:53:09.880+0000] {logging_mixin.py:149} INFO - [2025-03-27T08:53:09.880+0000] {dag.py:3486} INFO - Setting next_dagrun for example_subdag_operator.section-1 to None, run_after=None
[2025-03-27T08:53:09.881+0000] {logging_mixin.py:149} INFO - [2025-03-27T08:53:09.880+0000] {dag.py:3486} INFO - Setting next_dagrun for example_subdag_operator.section-2 to None, run_after=None
[2025-03-27T08:53:09.886+0000] {logging_mixin.py:149} INFO - [2025-03-27T08:53:09.886+0000] {dag.py:2726} INFO - Sync 2 DAGs
[2025-03-27T08:53:09.890+0000] {logging_mixin.py:149} INFO - [2025-03-27T08:53:09.890+0000] {dag.py:3486} INFO - Setting next_dagrun for example_subdag_operator.section-1 to None, run_after=None
[2025-03-27T08:53:09.891+0000] {logging_mixin.py:149} INFO - [2025-03-27T08:53:09.891+0000] {dag.py:3486} INFO - Setting next_dagrun for example_subdag_operator.section-2 to None, run_after=None
[2025-03-27T08:53:09.909+0000] {processor.py:178} INFO - Processing /home/vscode/miniconda/envs/airflow-env/lib/python3.10/site-packages/airflow/example_dags/example_subdag_operator.py took 0.078 seconds
