[2025-03-27T08:51:31.404+0000] {processor.py:156} INFO - Started process (PID=83854) to work on /home/vscode/miniconda/envs/airflow-env/lib/python3.10/site-packages/airflow/example_dags/example_task_group_decorator.py
[2025-03-27T08:51:31.404+0000] {processor.py:799} INFO - Processing file /home/vscode/miniconda/envs/airflow-env/lib/python3.10/site-packages/airflow/example_dags/example_task_group_decorator.py for tasks to queue
[2025-03-27T08:51:31.405+0000] {logging_mixin.py:149} INFO - [2025-03-27T08:51:31.405+0000] {dagbag.py:541} INFO - Filling up the DagBag from /home/vscode/miniconda/envs/airflow-env/lib/python3.10/site-packages/airflow/example_dags/example_task_group_decorator.py
[2025-03-27T08:51:31.416+0000] {processor.py:809} INFO - DAG(s) dict_keys(['example_task_group_decorator']) retrieved from /home/vscode/miniconda/envs/airflow-env/lib/python3.10/site-packages/airflow/example_dags/example_task_group_decorator.py
[2025-03-27T08:51:31.434+0000] {logging_mixin.py:149} INFO - [2025-03-27T08:51:31.434+0000] {dag.py:2726} INFO - Sync 1 DAGs
[2025-03-27T08:51:31.448+0000] {logging_mixin.py:149} INFO - [2025-03-27T08:51:31.448+0000] {dag.py:3486} INFO - Setting next_dagrun for example_task_group_decorator to 2025-03-26T08:51:31.448029+00:00, run_after=2025-03-27T08:51:31.448029+00:00
[2025-03-27T08:51:31.467+0000] {processor.py:178} INFO - Processing /home/vscode/miniconda/envs/airflow-env/lib/python3.10/site-packages/airflow/example_dags/example_task_group_decorator.py took 0.065 seconds
[2025-03-27T08:52:21.174+0000] {processor.py:156} INFO - Started process (PID=84390) to work on /home/vscode/miniconda/envs/airflow-env/lib/python3.10/site-packages/airflow/example_dags/example_task_group_decorator.py
[2025-03-27T08:52:21.175+0000] {processor.py:799} INFO - Processing file /home/vscode/miniconda/envs/airflow-env/lib/python3.10/site-packages/airflow/example_dags/example_task_group_decorator.py for tasks to queue
[2025-03-27T08:52:21.176+0000] {logging_mixin.py:149} INFO - [2025-03-27T08:52:21.176+0000] {dagbag.py:541} INFO - Filling up the DagBag from /home/vscode/miniconda/envs/airflow-env/lib/python3.10/site-packages/airflow/example_dags/example_task_group_decorator.py
[2025-03-27T08:52:21.193+0000] {processor.py:809} INFO - DAG(s) dict_keys(['example_task_group_decorator']) retrieved from /home/vscode/miniconda/envs/airflow-env/lib/python3.10/site-packages/airflow/example_dags/example_task_group_decorator.py
[2025-03-27T08:52:21.227+0000] {logging_mixin.py:149} INFO - [2025-03-27T08:52:21.227+0000] {dag.py:2726} INFO - Sync 1 DAGs
[2025-03-27T08:52:21.247+0000] {logging_mixin.py:149} INFO - [2025-03-27T08:52:21.247+0000] {dag.py:3486} INFO - Setting next_dagrun for example_task_group_decorator to 2025-03-26T08:52:21.247477+00:00, run_after=2025-03-27T08:52:21.247477+00:00
[2025-03-27T08:52:21.269+0000] {processor.py:178} INFO - Processing /home/vscode/miniconda/envs/airflow-env/lib/python3.10/site-packages/airflow/example_dags/example_task_group_decorator.py took 0.100 seconds
[2025-03-27T08:53:05.856+0000] {processor.py:156} INFO - Started process (PID=84893) to work on /home/vscode/miniconda/envs/airflow-env/lib/python3.10/site-packages/airflow/example_dags/example_task_group_decorator.py
[2025-03-27T08:53:05.856+0000] {processor.py:799} INFO - Processing file /home/vscode/miniconda/envs/airflow-env/lib/python3.10/site-packages/airflow/example_dags/example_task_group_decorator.py for tasks to queue
[2025-03-27T08:53:05.857+0000] {logging_mixin.py:149} INFO - [2025-03-27T08:53:05.857+0000] {dagbag.py:541} INFO - Filling up the DagBag from /home/vscode/miniconda/envs/airflow-env/lib/python3.10/site-packages/airflow/example_dags/example_task_group_decorator.py
[2025-03-27T08:53:05.866+0000] {processor.py:809} INFO - DAG(s) dict_keys(['example_task_group_decorator']) retrieved from /home/vscode/miniconda/envs/airflow-env/lib/python3.10/site-packages/airflow/example_dags/example_task_group_decorator.py
[2025-03-27T08:53:05.884+0000] {logging_mixin.py:149} INFO - [2025-03-27T08:53:05.884+0000] {dag.py:2726} INFO - Sync 1 DAGs
[2025-03-27T08:53:05.897+0000] {logging_mixin.py:149} INFO - [2025-03-27T08:53:05.897+0000] {dag.py:3486} INFO - Setting next_dagrun for example_task_group_decorator to 2025-03-26T08:53:05.897671+00:00, run_after=2025-03-27T08:53:05.897671+00:00
[2025-03-27T08:53:05.913+0000] {processor.py:178} INFO - Processing /home/vscode/miniconda/envs/airflow-env/lib/python3.10/site-packages/airflow/example_dags/example_task_group_decorator.py took 0.059 seconds
