[2025-03-27T08:51:29.789+0000] {processor.py:156} INFO - Started process (PID=83844) to work on /home/vscode/miniconda/envs/airflow-env/lib/python3.10/site-packages/airflow/example_dags/example_trigger_target_dag.py
[2025-03-27T08:51:29.789+0000] {processor.py:799} INFO - Processing file /home/vscode/miniconda/envs/airflow-env/lib/python3.10/site-packages/airflow/example_dags/example_trigger_target_dag.py for tasks to queue
[2025-03-27T08:51:29.790+0000] {logging_mixin.py:149} INFO - [2025-03-27T08:51:29.790+0000] {dagbag.py:541} INFO - Filling up the DagBag from /home/vscode/miniconda/envs/airflow-env/lib/python3.10/site-packages/airflow/example_dags/example_trigger_target_dag.py
[2025-03-27T08:51:29.795+0000] {processor.py:809} INFO - DAG(s) dict_keys(['example_trigger_target_dag']) retrieved from /home/vscode/miniconda/envs/airflow-env/lib/python3.10/site-packages/airflow/example_dags/example_trigger_target_dag.py
[2025-03-27T08:51:29.811+0000] {logging_mixin.py:149} INFO - [2025-03-27T08:51:29.811+0000] {dag.py:2726} INFO - Sync 1 DAGs
[2025-03-27T08:51:29.825+0000] {logging_mixin.py:149} INFO - [2025-03-27T08:51:29.825+0000] {dag.py:3486} INFO - Setting next_dagrun for example_trigger_target_dag to None, run_after=None
[2025-03-27T08:51:29.841+0000] {processor.py:178} INFO - Processing /home/vscode/miniconda/envs/airflow-env/lib/python3.10/site-packages/airflow/example_dags/example_trigger_target_dag.py took 0.054 seconds
[2025-03-27T08:52:20.563+0000] {processor.py:156} INFO - Started process (PID=84383) to work on /home/vscode/miniconda/envs/airflow-env/lib/python3.10/site-packages/airflow/example_dags/example_trigger_target_dag.py
[2025-03-27T08:52:20.564+0000] {processor.py:799} INFO - Processing file /home/vscode/miniconda/envs/airflow-env/lib/python3.10/site-packages/airflow/example_dags/example_trigger_target_dag.py for tasks to queue
[2025-03-27T08:52:20.564+0000] {logging_mixin.py:149} INFO - [2025-03-27T08:52:20.564+0000] {dagbag.py:541} INFO - Filling up the DagBag from /home/vscode/miniconda/envs/airflow-env/lib/python3.10/site-packages/airflow/example_dags/example_trigger_target_dag.py
[2025-03-27T08:52:20.568+0000] {processor.py:809} INFO - DAG(s) dict_keys(['example_trigger_target_dag']) retrieved from /home/vscode/miniconda/envs/airflow-env/lib/python3.10/site-packages/airflow/example_dags/example_trigger_target_dag.py
[2025-03-27T08:52:20.580+0000] {logging_mixin.py:149} INFO - [2025-03-27T08:52:20.580+0000] {dag.py:2726} INFO - Sync 1 DAGs
[2025-03-27T08:52:20.594+0000] {logging_mixin.py:149} INFO - [2025-03-27T08:52:20.593+0000] {dag.py:3486} INFO - Setting next_dagrun for example_trigger_target_dag to None, run_after=None
[2025-03-27T08:52:20.609+0000] {processor.py:178} INFO - Processing /home/vscode/miniconda/envs/airflow-env/lib/python3.10/site-packages/airflow/example_dags/example_trigger_target_dag.py took 0.048 seconds
[2025-03-27T08:53:03.562+0000] {processor.py:156} INFO - Started process (PID=84859) to work on /home/vscode/miniconda/envs/airflow-env/lib/python3.10/site-packages/airflow/example_dags/example_trigger_target_dag.py
[2025-03-27T08:53:03.563+0000] {processor.py:799} INFO - Processing file /home/vscode/miniconda/envs/airflow-env/lib/python3.10/site-packages/airflow/example_dags/example_trigger_target_dag.py for tasks to queue
[2025-03-27T08:53:03.563+0000] {logging_mixin.py:149} INFO - [2025-03-27T08:53:03.563+0000] {dagbag.py:541} INFO - Filling up the DagBag from /home/vscode/miniconda/envs/airflow-env/lib/python3.10/site-packages/airflow/example_dags/example_trigger_target_dag.py
[2025-03-27T08:53:03.567+0000] {processor.py:809} INFO - DAG(s) dict_keys(['example_trigger_target_dag']) retrieved from /home/vscode/miniconda/envs/airflow-env/lib/python3.10/site-packages/airflow/example_dags/example_trigger_target_dag.py
[2025-03-27T08:53:03.580+0000] {logging_mixin.py:149} INFO - [2025-03-27T08:53:03.579+0000] {dag.py:2726} INFO - Sync 1 DAGs
[2025-03-27T08:53:03.593+0000] {logging_mixin.py:149} INFO - [2025-03-27T08:53:03.593+0000] {dag.py:3486} INFO - Setting next_dagrun for example_trigger_target_dag to None, run_after=None
[2025-03-27T08:53:03.608+0000] {processor.py:178} INFO - Processing /home/vscode/miniconda/envs/airflow-env/lib/python3.10/site-packages/airflow/example_dags/example_trigger_target_dag.py took 0.048 seconds
