[2025-03-27T08:51:52.094+0000] {processor.py:156} INFO - Started process (PID=84028) to work on /home/vscode/miniconda/envs/airflow-env/lib/python3.10/site-packages/airflow/example_dags/example_external_task_marker_dag.py
[2025-03-27T08:51:52.094+0000] {processor.py:799} INFO - Processing file /home/vscode/miniconda/envs/airflow-env/lib/python3.10/site-packages/airflow/example_dags/example_external_task_marker_dag.py for tasks to queue
[2025-03-27T08:51:52.095+0000] {logging_mixin.py:149} INFO - [2025-03-27T08:51:52.095+0000] {dagbag.py:541} INFO - Filling up the DagBag from /home/vscode/miniconda/envs/airflow-env/lib/python3.10/site-packages/airflow/example_dags/example_external_task_marker_dag.py
[2025-03-27T08:51:52.099+0000] {processor.py:809} INFO - DAG(s) dict_keys(['example_external_task_marker_parent', 'example_external_task_marker_child']) retrieved from /home/vscode/miniconda/envs/airflow-env/lib/python3.10/site-packages/airflow/example_dags/example_external_task_marker_dag.py
[2025-03-27T08:51:52.114+0000] {logging_mixin.py:149} INFO - [2025-03-27T08:51:52.114+0000] {dag.py:2726} INFO - Sync 2 DAGs
[2025-03-27T08:51:52.127+0000] {logging_mixin.py:149} INFO - [2025-03-27T08:51:52.127+0000] {dag.py:3486} INFO - Setting next_dagrun for example_external_task_marker_child to None, run_after=None
[2025-03-27T08:51:52.129+0000] {logging_mixin.py:149} INFO - [2025-03-27T08:51:52.129+0000] {dag.py:3486} INFO - Setting next_dagrun for example_external_task_marker_parent to None, run_after=None
[2025-03-27T08:51:52.143+0000] {processor.py:178} INFO - Processing /home/vscode/miniconda/envs/airflow-env/lib/python3.10/site-packages/airflow/example_dags/example_external_task_marker_dag.py took 0.051 seconds
[2025-03-27T08:52:41.279+0000] {processor.py:156} INFO - Started process (PID=84648) to work on /home/vscode/miniconda/envs/airflow-env/lib/python3.10/site-packages/airflow/example_dags/example_external_task_marker_dag.py
[2025-03-27T08:52:41.280+0000] {processor.py:799} INFO - Processing file /home/vscode/miniconda/envs/airflow-env/lib/python3.10/site-packages/airflow/example_dags/example_external_task_marker_dag.py for tasks to queue
[2025-03-27T08:52:41.280+0000] {logging_mixin.py:149} INFO - [2025-03-27T08:52:41.280+0000] {dagbag.py:541} INFO - Filling up the DagBag from /home/vscode/miniconda/envs/airflow-env/lib/python3.10/site-packages/airflow/example_dags/example_external_task_marker_dag.py
[2025-03-27T08:52:41.284+0000] {processor.py:809} INFO - DAG(s) dict_keys(['example_external_task_marker_child', 'example_external_task_marker_parent']) retrieved from /home/vscode/miniconda/envs/airflow-env/lib/python3.10/site-packages/airflow/example_dags/example_external_task_marker_dag.py
[2025-03-27T08:52:41.300+0000] {logging_mixin.py:149} INFO - [2025-03-27T08:52:41.300+0000] {dag.py:2726} INFO - Sync 2 DAGs
[2025-03-27T08:52:41.318+0000] {logging_mixin.py:149} INFO - [2025-03-27T08:52:41.318+0000] {dag.py:3486} INFO - Setting next_dagrun for example_external_task_marker_child to None, run_after=None
[2025-03-27T08:52:41.321+0000] {logging_mixin.py:149} INFO - [2025-03-27T08:52:41.321+0000] {dag.py:3486} INFO - Setting next_dagrun for example_external_task_marker_parent to None, run_after=None
[2025-03-27T08:52:41.346+0000] {processor.py:178} INFO - Processing /home/vscode/miniconda/envs/airflow-env/lib/python3.10/site-packages/airflow/example_dags/example_external_task_marker_dag.py took 0.070 seconds
[2025-03-27T08:53:26.360+0000] {processor.py:156} INFO - Started process (PID=85084) to work on /home/vscode/miniconda/envs/airflow-env/lib/python3.10/site-packages/airflow/example_dags/example_external_task_marker_dag.py
[2025-03-27T08:53:26.361+0000] {processor.py:799} INFO - Processing file /home/vscode/miniconda/envs/airflow-env/lib/python3.10/site-packages/airflow/example_dags/example_external_task_marker_dag.py for tasks to queue
[2025-03-27T08:53:26.362+0000] {logging_mixin.py:149} INFO - [2025-03-27T08:53:26.362+0000] {dagbag.py:541} INFO - Filling up the DagBag from /home/vscode/miniconda/envs/airflow-env/lib/python3.10/site-packages/airflow/example_dags/example_external_task_marker_dag.py
[2025-03-27T08:53:26.367+0000] {processor.py:809} INFO - DAG(s) dict_keys(['example_external_task_marker_child', 'example_external_task_marker_parent']) retrieved from /home/vscode/miniconda/envs/airflow-env/lib/python3.10/site-packages/airflow/example_dags/example_external_task_marker_dag.py
[2025-03-27T08:53:26.391+0000] {logging_mixin.py:149} INFO - [2025-03-27T08:53:26.391+0000] {dag.py:2726} INFO - Sync 2 DAGs
[2025-03-27T08:53:26.411+0000] {logging_mixin.py:149} INFO - [2025-03-27T08:53:26.411+0000] {dag.py:3486} INFO - Setting next_dagrun for example_external_task_marker_child to None, run_after=None
[2025-03-27T08:53:26.414+0000] {logging_mixin.py:149} INFO - [2025-03-27T08:53:26.413+0000] {dag.py:3486} INFO - Setting next_dagrun for example_external_task_marker_parent to None, run_after=None
[2025-03-27T08:53:26.434+0000] {processor.py:178} INFO - Processing /home/vscode/miniconda/envs/airflow-env/lib/python3.10/site-packages/airflow/example_dags/example_external_task_marker_dag.py took 0.076 seconds
