[2025-03-27T08:51:36.555+0000] {processor.py:156} INFO - Started process (PID=83915) to work on /home/vscode/miniconda/envs/airflow-env/lib/python3.10/site-packages/airflow/example_dags/example_skip_dag.py
[2025-03-27T08:51:36.555+0000] {processor.py:799} INFO - Processing file /home/vscode/miniconda/envs/airflow-env/lib/python3.10/site-packages/airflow/example_dags/example_skip_dag.py for tasks to queue
[2025-03-27T08:51:36.556+0000] {logging_mixin.py:149} INFO - [2025-03-27T08:51:36.556+0000] {dagbag.py:541} INFO - Filling up the DagBag from /home/vscode/miniconda/envs/airflow-env/lib/python3.10/site-packages/airflow/example_dags/example_skip_dag.py
[2025-03-27T08:51:36.563+0000] {processor.py:809} INFO - DAG(s) dict_keys(['example_skip_dag']) retrieved from /home/vscode/miniconda/envs/airflow-env/lib/python3.10/site-packages/airflow/example_dags/example_skip_dag.py
[2025-03-27T08:51:36.586+0000] {logging_mixin.py:149} INFO - [2025-03-27T08:51:36.586+0000] {dag.py:2726} INFO - Sync 1 DAGs
[2025-03-27T08:51:36.610+0000] {logging_mixin.py:149} INFO - [2025-03-27T08:51:36.610+0000] {dag.py:3486} INFO - Setting next_dagrun for example_skip_dag to 2025-03-26T08:51:36.610094+00:00, run_after=2025-03-27T08:51:36.610094+00:00
[2025-03-27T08:51:36.629+0000] {processor.py:178} INFO - Processing /home/vscode/miniconda/envs/airflow-env/lib/python3.10/site-packages/airflow/example_dags/example_skip_dag.py took 0.077 seconds
[2025-03-27T08:52:25.990+0000] {processor.py:156} INFO - Started process (PID=84440) to work on /home/vscode/miniconda/envs/airflow-env/lib/python3.10/site-packages/airflow/example_dags/example_skip_dag.py
[2025-03-27T08:52:25.991+0000] {processor.py:799} INFO - Processing file /home/vscode/miniconda/envs/airflow-env/lib/python3.10/site-packages/airflow/example_dags/example_skip_dag.py for tasks to queue
[2025-03-27T08:52:25.991+0000] {logging_mixin.py:149} INFO - [2025-03-27T08:52:25.991+0000] {dagbag.py:541} INFO - Filling up the DagBag from /home/vscode/miniconda/envs/airflow-env/lib/python3.10/site-packages/airflow/example_dags/example_skip_dag.py
[2025-03-27T08:52:25.996+0000] {processor.py:809} INFO - DAG(s) dict_keys(['example_skip_dag']) retrieved from /home/vscode/miniconda/envs/airflow-env/lib/python3.10/site-packages/airflow/example_dags/example_skip_dag.py
[2025-03-27T08:52:26.009+0000] {logging_mixin.py:149} INFO - [2025-03-27T08:52:26.009+0000] {dag.py:2726} INFO - Sync 1 DAGs
[2025-03-27T08:52:26.027+0000] {logging_mixin.py:149} INFO - [2025-03-27T08:52:26.027+0000] {dag.py:3486} INFO - Setting next_dagrun for example_skip_dag to 2025-03-26T08:52:26.027666+00:00, run_after=2025-03-27T08:52:26.027666+00:00
[2025-03-27T08:52:26.043+0000] {processor.py:178} INFO - Processing /home/vscode/miniconda/envs/airflow-env/lib/python3.10/site-packages/airflow/example_dags/example_skip_dag.py took 0.055 seconds
[2025-03-27T08:53:10.038+0000] {processor.py:156} INFO - Started process (PID=84926) to work on /home/vscode/miniconda/envs/airflow-env/lib/python3.10/site-packages/airflow/example_dags/example_skip_dag.py
[2025-03-27T08:53:10.039+0000] {processor.py:799} INFO - Processing file /home/vscode/miniconda/envs/airflow-env/lib/python3.10/site-packages/airflow/example_dags/example_skip_dag.py for tasks to queue
[2025-03-27T08:53:10.039+0000] {logging_mixin.py:149} INFO - [2025-03-27T08:53:10.039+0000] {dagbag.py:541} INFO - Filling up the DagBag from /home/vscode/miniconda/envs/airflow-env/lib/python3.10/site-packages/airflow/example_dags/example_skip_dag.py
[2025-03-27T08:53:10.047+0000] {processor.py:809} INFO - DAG(s) dict_keys(['example_skip_dag']) retrieved from /home/vscode/miniconda/envs/airflow-env/lib/python3.10/site-packages/airflow/example_dags/example_skip_dag.py
[2025-03-27T08:53:10.069+0000] {logging_mixin.py:149} INFO - [2025-03-27T08:53:10.069+0000] {dag.py:2726} INFO - Sync 1 DAGs
[2025-03-27T08:53:10.089+0000] {logging_mixin.py:149} INFO - [2025-03-27T08:53:10.089+0000] {dag.py:3486} INFO - Setting next_dagrun for example_skip_dag to 2025-03-26T08:53:10.089430+00:00, run_after=2025-03-27T08:53:10.089430+00:00
[2025-03-27T08:53:10.109+0000] {processor.py:178} INFO - Processing /home/vscode/miniconda/envs/airflow-env/lib/python3.10/site-packages/airflow/example_dags/example_skip_dag.py took 0.074 seconds
