[2025-03-27T08:51:25.247+0000] {processor.py:156} INFO - Started process (PID=83760) to work on /home/vscode/miniconda/envs/airflow-env/lib/python3.10/site-packages/airflow/example_dags/example_xcomargs.py
[2025-03-27T08:51:25.248+0000] {processor.py:799} INFO - Processing file /home/vscode/miniconda/envs/airflow-env/lib/python3.10/site-packages/airflow/example_dags/example_xcomargs.py for tasks to queue
[2025-03-27T08:51:25.248+0000] {logging_mixin.py:149} INFO - [2025-03-27T08:51:25.248+0000] {dagbag.py:541} INFO - Filling up the DagBag from /home/vscode/miniconda/envs/airflow-env/lib/python3.10/site-packages/airflow/example_dags/example_xcomargs.py
[2025-03-27T08:51:25.256+0000] {processor.py:809} INFO - DAG(s) dict_keys(['example_xcom_args', 'example_xcom_args_with_operators']) retrieved from /home/vscode/miniconda/envs/airflow-env/lib/python3.10/site-packages/airflow/example_dags/example_xcomargs.py
[2025-03-27T08:51:25.275+0000] {logging_mixin.py:149} INFO - [2025-03-27T08:51:25.274+0000] {dag.py:2726} INFO - Sync 2 DAGs
[2025-03-27T08:51:25.288+0000] {logging_mixin.py:149} INFO - [2025-03-27T08:51:25.288+0000] {dag.py:3486} INFO - Setting next_dagrun for example_xcom_args to None, run_after=None
[2025-03-27T08:51:25.290+0000] {logging_mixin.py:149} INFO - [2025-03-27T08:51:25.290+0000] {dag.py:3486} INFO - Setting next_dagrun for example_xcom_args_with_operators to None, run_after=None
[2025-03-27T08:51:25.304+0000] {processor.py:178} INFO - Processing /home/vscode/miniconda/envs/airflow-env/lib/python3.10/site-packages/airflow/example_dags/example_xcomargs.py took 0.059 seconds
[2025-03-27T08:52:16.026+0000] {processor.py:156} INFO - Started process (PID=84329) to work on /home/vscode/miniconda/envs/airflow-env/lib/python3.10/site-packages/airflow/example_dags/example_xcomargs.py
[2025-03-27T08:52:16.029+0000] {processor.py:799} INFO - Processing file /home/vscode/miniconda/envs/airflow-env/lib/python3.10/site-packages/airflow/example_dags/example_xcomargs.py for tasks to queue
[2025-03-27T08:52:16.030+0000] {logging_mixin.py:149} INFO - [2025-03-27T08:52:16.030+0000] {dagbag.py:541} INFO - Filling up the DagBag from /home/vscode/miniconda/envs/airflow-env/lib/python3.10/site-packages/airflow/example_dags/example_xcomargs.py
[2025-03-27T08:52:16.049+0000] {processor.py:809} INFO - DAG(s) dict_keys(['example_xcom_args_with_operators', 'example_xcom_args']) retrieved from /home/vscode/miniconda/envs/airflow-env/lib/python3.10/site-packages/airflow/example_dags/example_xcomargs.py
[2025-03-27T08:52:16.074+0000] {logging_mixin.py:149} INFO - [2025-03-27T08:52:16.074+0000] {dag.py:2726} INFO - Sync 2 DAGs
[2025-03-27T08:52:16.088+0000] {logging_mixin.py:149} INFO - [2025-03-27T08:52:16.088+0000] {dag.py:3486} INFO - Setting next_dagrun for example_xcom_args to None, run_after=None
[2025-03-27T08:52:16.090+0000] {logging_mixin.py:149} INFO - [2025-03-27T08:52:16.090+0000] {dag.py:3486} INFO - Setting next_dagrun for example_xcom_args_with_operators to None, run_after=None
[2025-03-27T08:52:16.104+0000] {processor.py:178} INFO - Processing /home/vscode/miniconda/envs/airflow-env/lib/python3.10/site-packages/airflow/example_dags/example_xcomargs.py took 0.085 seconds
[2025-03-27T08:52:59.565+0000] {processor.py:156} INFO - Started process (PID=84833) to work on /home/vscode/miniconda/envs/airflow-env/lib/python3.10/site-packages/airflow/example_dags/example_xcomargs.py
[2025-03-27T08:52:59.566+0000] {processor.py:799} INFO - Processing file /home/vscode/miniconda/envs/airflow-env/lib/python3.10/site-packages/airflow/example_dags/example_xcomargs.py for tasks to queue
[2025-03-27T08:52:59.566+0000] {logging_mixin.py:149} INFO - [2025-03-27T08:52:59.566+0000] {dagbag.py:541} INFO - Filling up the DagBag from /home/vscode/miniconda/envs/airflow-env/lib/python3.10/site-packages/airflow/example_dags/example_xcomargs.py
[2025-03-27T08:52:59.575+0000] {processor.py:809} INFO - DAG(s) dict_keys(['example_xcom_args', 'example_xcom_args_with_operators']) retrieved from /home/vscode/miniconda/envs/airflow-env/lib/python3.10/site-packages/airflow/example_dags/example_xcomargs.py
[2025-03-27T08:52:59.592+0000] {logging_mixin.py:149} INFO - [2025-03-27T08:52:59.592+0000] {dag.py:2726} INFO - Sync 2 DAGs
[2025-03-27T08:52:59.606+0000] {logging_mixin.py:149} INFO - [2025-03-27T08:52:59.605+0000] {dag.py:3486} INFO - Setting next_dagrun for example_xcom_args to None, run_after=None
[2025-03-27T08:52:59.607+0000] {logging_mixin.py:149} INFO - [2025-03-27T08:52:59.607+0000] {dag.py:3486} INFO - Setting next_dagrun for example_xcom_args_with_operators to None, run_after=None
[2025-03-27T08:52:59.622+0000] {processor.py:178} INFO - Processing /home/vscode/miniconda/envs/airflow-env/lib/python3.10/site-packages/airflow/example_dags/example_xcomargs.py took 0.060 seconds
