[2025-03-27T08:51:38.825+0000] {processor.py:156} INFO - Started process (PID=83938) to work on /home/vscode/miniconda/envs/airflow-env/lib/python3.10/site-packages/airflow/example_dags/example_short_circuit_decorator.py
[2025-03-27T08:51:38.826+0000] {processor.py:799} INFO - Processing file /home/vscode/miniconda/envs/airflow-env/lib/python3.10/site-packages/airflow/example_dags/example_short_circuit_decorator.py for tasks to queue
[2025-03-27T08:51:38.826+0000] {logging_mixin.py:149} INFO - [2025-03-27T08:51:38.826+0000] {dagbag.py:541} INFO - Filling up the DagBag from /home/vscode/miniconda/envs/airflow-env/lib/python3.10/site-packages/airflow/example_dags/example_short_circuit_decorator.py
[2025-03-27T08:51:38.832+0000] {processor.py:809} INFO - DAG(s) dict_keys(['example_short_circuit_decorator']) retrieved from /home/vscode/miniconda/envs/airflow-env/lib/python3.10/site-packages/airflow/example_dags/example_short_circuit_decorator.py
[2025-03-27T08:51:38.848+0000] {logging_mixin.py:149} INFO - [2025-03-27T08:51:38.848+0000] {dag.py:2726} INFO - Sync 1 DAGs
[2025-03-27T08:51:38.862+0000] {logging_mixin.py:149} INFO - [2025-03-27T08:51:38.862+0000] {dag.py:3486} INFO - Setting next_dagrun for example_short_circuit_decorator to 2025-03-26T08:51:38.862040+00:00, run_after=2025-03-27T08:51:38.862040+00:00
[2025-03-27T08:51:38.878+0000] {processor.py:178} INFO - Processing /home/vscode/miniconda/envs/airflow-env/lib/python3.10/site-packages/airflow/example_dags/example_short_circuit_decorator.py took 0.055 seconds
[2025-03-27T08:52:27.568+0000] {processor.py:156} INFO - Started process (PID=84462) to work on /home/vscode/miniconda/envs/airflow-env/lib/python3.10/site-packages/airflow/example_dags/example_short_circuit_decorator.py
[2025-03-27T08:52:27.569+0000] {processor.py:799} INFO - Processing file /home/vscode/miniconda/envs/airflow-env/lib/python3.10/site-packages/airflow/example_dags/example_short_circuit_decorator.py for tasks to queue
[2025-03-27T08:52:27.569+0000] {logging_mixin.py:149} INFO - [2025-03-27T08:52:27.569+0000] {dagbag.py:541} INFO - Filling up the DagBag from /home/vscode/miniconda/envs/airflow-env/lib/python3.10/site-packages/airflow/example_dags/example_short_circuit_decorator.py
[2025-03-27T08:52:27.575+0000] {processor.py:809} INFO - DAG(s) dict_keys(['example_short_circuit_decorator']) retrieved from /home/vscode/miniconda/envs/airflow-env/lib/python3.10/site-packages/airflow/example_dags/example_short_circuit_decorator.py
[2025-03-27T08:52:27.589+0000] {logging_mixin.py:149} INFO - [2025-03-27T08:52:27.589+0000] {dag.py:2726} INFO - Sync 1 DAGs
[2025-03-27T08:52:27.605+0000] {logging_mixin.py:149} INFO - [2025-03-27T08:52:27.605+0000] {dag.py:3486} INFO - Setting next_dagrun for example_short_circuit_decorator to 2025-03-26T08:52:27.604805+00:00, run_after=2025-03-27T08:52:27.604805+00:00
[2025-03-27T08:52:27.625+0000] {processor.py:178} INFO - Processing /home/vscode/miniconda/envs/airflow-env/lib/python3.10/site-packages/airflow/example_dags/example_short_circuit_decorator.py took 0.059 seconds
[2025-03-27T08:53:11.394+0000] {processor.py:156} INFO - Started process (PID=84942) to work on /home/vscode/miniconda/envs/airflow-env/lib/python3.10/site-packages/airflow/example_dags/example_short_circuit_decorator.py
[2025-03-27T08:53:11.394+0000] {processor.py:799} INFO - Processing file /home/vscode/miniconda/envs/airflow-env/lib/python3.10/site-packages/airflow/example_dags/example_short_circuit_decorator.py for tasks to queue
[2025-03-27T08:53:11.395+0000] {logging_mixin.py:149} INFO - [2025-03-27T08:53:11.395+0000] {dagbag.py:541} INFO - Filling up the DagBag from /home/vscode/miniconda/envs/airflow-env/lib/python3.10/site-packages/airflow/example_dags/example_short_circuit_decorator.py
[2025-03-27T08:53:11.401+0000] {processor.py:809} INFO - DAG(s) dict_keys(['example_short_circuit_decorator']) retrieved from /home/vscode/miniconda/envs/airflow-env/lib/python3.10/site-packages/airflow/example_dags/example_short_circuit_decorator.py
[2025-03-27T08:53:11.416+0000] {logging_mixin.py:149} INFO - [2025-03-27T08:53:11.416+0000] {dag.py:2726} INFO - Sync 1 DAGs
[2025-03-27T08:53:11.429+0000] {logging_mixin.py:149} INFO - [2025-03-27T08:53:11.429+0000] {dag.py:3486} INFO - Setting next_dagrun for example_short_circuit_decorator to 2025-03-26T08:53:11.429177+00:00, run_after=2025-03-27T08:53:11.429177+00:00
[2025-03-27T08:53:11.444+0000] {processor.py:178} INFO - Processing /home/vscode/miniconda/envs/airflow-env/lib/python3.10/site-packages/airflow/example_dags/example_short_circuit_decorator.py took 0.052 seconds
