[2025-03-27T08:51:41.690+0000] {processor.py:156} INFO - Started process (PID=83952) to work on /home/vscode/miniconda/envs/airflow-env/lib/python3.10/site-packages/airflow/example_dags/example_sensor_decorator.py
[2025-03-27T08:51:41.691+0000] {processor.py:799} INFO - Processing file /home/vscode/miniconda/envs/airflow-env/lib/python3.10/site-packages/airflow/example_dags/example_sensor_decorator.py for tasks to queue
[2025-03-27T08:51:41.692+0000] {logging_mixin.py:149} INFO - [2025-03-27T08:51:41.691+0000] {dagbag.py:541} INFO - Filling up the DagBag from /home/vscode/miniconda/envs/airflow-env/lib/python3.10/site-packages/airflow/example_dags/example_sensor_decorator.py
[2025-03-27T08:51:41.695+0000] {processor.py:809} INFO - DAG(s) dict_keys(['example_sensor_decorator']) retrieved from /home/vscode/miniconda/envs/airflow-env/lib/python3.10/site-packages/airflow/example_dags/example_sensor_decorator.py
[2025-03-27T08:51:41.709+0000] {logging_mixin.py:149} INFO - [2025-03-27T08:51:41.709+0000] {dag.py:2726} INFO - Sync 1 DAGs
[2025-03-27T08:51:41.723+0000] {logging_mixin.py:149} INFO - [2025-03-27T08:51:41.723+0000] {dag.py:3486} INFO - Setting next_dagrun for example_sensor_decorator to None, run_after=None
[2025-03-27T08:51:41.739+0000] {processor.py:178} INFO - Processing /home/vscode/miniconda/envs/airflow-env/lib/python3.10/site-packages/airflow/example_dags/example_sensor_decorator.py took 0.050 seconds
[2025-03-27T08:52:31.567+0000] {processor.py:156} INFO - Started process (PID=84493) to work on /home/vscode/miniconda/envs/airflow-env/lib/python3.10/site-packages/airflow/example_dags/example_sensor_decorator.py
[2025-03-27T08:52:31.567+0000] {processor.py:799} INFO - Processing file /home/vscode/miniconda/envs/airflow-env/lib/python3.10/site-packages/airflow/example_dags/example_sensor_decorator.py for tasks to queue
[2025-03-27T08:52:31.568+0000] {logging_mixin.py:149} INFO - [2025-03-27T08:52:31.568+0000] {dagbag.py:541} INFO - Filling up the DagBag from /home/vscode/miniconda/envs/airflow-env/lib/python3.10/site-packages/airflow/example_dags/example_sensor_decorator.py
[2025-03-27T08:52:31.572+0000] {processor.py:809} INFO - DAG(s) dict_keys(['example_sensor_decorator']) retrieved from /home/vscode/miniconda/envs/airflow-env/lib/python3.10/site-packages/airflow/example_dags/example_sensor_decorator.py
[2025-03-27T08:52:31.586+0000] {logging_mixin.py:149} INFO - [2025-03-27T08:52:31.586+0000] {dag.py:2726} INFO - Sync 1 DAGs
[2025-03-27T08:52:31.605+0000] {logging_mixin.py:149} INFO - [2025-03-27T08:52:31.605+0000] {dag.py:3486} INFO - Setting next_dagrun for example_sensor_decorator to None, run_after=None
[2025-03-27T08:52:31.624+0000] {processor.py:178} INFO - Processing /home/vscode/miniconda/envs/airflow-env/lib/python3.10/site-packages/airflow/example_dags/example_sensor_decorator.py took 0.059 seconds
[2025-03-27T08:53:16.115+0000] {processor.py:156} INFO - Started process (PID=84990) to work on /home/vscode/miniconda/envs/airflow-env/lib/python3.10/site-packages/airflow/example_dags/example_sensor_decorator.py
[2025-03-27T08:53:16.116+0000] {processor.py:799} INFO - Processing file /home/vscode/miniconda/envs/airflow-env/lib/python3.10/site-packages/airflow/example_dags/example_sensor_decorator.py for tasks to queue
[2025-03-27T08:53:16.117+0000] {logging_mixin.py:149} INFO - [2025-03-27T08:53:16.117+0000] {dagbag.py:541} INFO - Filling up the DagBag from /home/vscode/miniconda/envs/airflow-env/lib/python3.10/site-packages/airflow/example_dags/example_sensor_decorator.py
[2025-03-27T08:53:16.122+0000] {processor.py:809} INFO - DAG(s) dict_keys(['example_sensor_decorator']) retrieved from /home/vscode/miniconda/envs/airflow-env/lib/python3.10/site-packages/airflow/example_dags/example_sensor_decorator.py
[2025-03-27T08:53:16.143+0000] {logging_mixin.py:149} INFO - [2025-03-27T08:53:16.143+0000] {dag.py:2726} INFO - Sync 1 DAGs
[2025-03-27T08:53:16.163+0000] {logging_mixin.py:149} INFO - [2025-03-27T08:53:16.163+0000] {dag.py:3486} INFO - Setting next_dagrun for example_sensor_decorator to None, run_after=None
[2025-03-27T08:53:16.182+0000] {processor.py:178} INFO - Processing /home/vscode/miniconda/envs/airflow-env/lib/python3.10/site-packages/airflow/example_dags/example_sensor_decorator.py took 0.069 seconds
