[2025-03-27T08:51:45.190+0000] {processor.py:156} INFO - Started process (PID=83987) to work on /home/vscode/miniconda/envs/airflow-env/lib/python3.10/site-packages/airflow/example_dags/example_nested_branch_dag.py
[2025-03-27T08:51:45.190+0000] {processor.py:799} INFO - Processing file /home/vscode/miniconda/envs/airflow-env/lib/python3.10/site-packages/airflow/example_dags/example_nested_branch_dag.py for tasks to queue
[2025-03-27T08:51:45.191+0000] {logging_mixin.py:149} INFO - [2025-03-27T08:51:45.191+0000] {dagbag.py:541} INFO - Filling up the DagBag from /home/vscode/miniconda/envs/airflow-env/lib/python3.10/site-packages/airflow/example_dags/example_nested_branch_dag.py
[2025-03-27T08:51:45.197+0000] {processor.py:809} INFO - DAG(s) dict_keys(['example_nested_branch_dag']) retrieved from /home/vscode/miniconda/envs/airflow-env/lib/python3.10/site-packages/airflow/example_dags/example_nested_branch_dag.py
[2025-03-27T08:51:45.213+0000] {logging_mixin.py:149} INFO - [2025-03-27T08:51:45.213+0000] {dag.py:2726} INFO - Sync 1 DAGs
[2025-03-27T08:51:45.228+0000] {logging_mixin.py:149} INFO - [2025-03-27T08:51:45.227+0000] {dag.py:3486} INFO - Setting next_dagrun for example_nested_branch_dag to 2025-03-26T00:00:00+00:00, run_after=2025-03-27T00:00:00+00:00
[2025-03-27T08:51:45.244+0000] {processor.py:178} INFO - Processing /home/vscode/miniconda/envs/airflow-env/lib/python3.10/site-packages/airflow/example_dags/example_nested_branch_dag.py took 0.056 seconds
[2025-03-27T08:52:34.979+0000] {processor.py:156} INFO - Started process (PID=84533) to work on /home/vscode/miniconda/envs/airflow-env/lib/python3.10/site-packages/airflow/example_dags/example_nested_branch_dag.py
[2025-03-27T08:52:34.979+0000] {processor.py:799} INFO - Processing file /home/vscode/miniconda/envs/airflow-env/lib/python3.10/site-packages/airflow/example_dags/example_nested_branch_dag.py for tasks to queue
[2025-03-27T08:52:34.980+0000] {logging_mixin.py:149} INFO - [2025-03-27T08:52:34.980+0000] {dagbag.py:541} INFO - Filling up the DagBag from /home/vscode/miniconda/envs/airflow-env/lib/python3.10/site-packages/airflow/example_dags/example_nested_branch_dag.py
[2025-03-27T08:52:34.986+0000] {processor.py:809} INFO - DAG(s) dict_keys(['example_nested_branch_dag']) retrieved from /home/vscode/miniconda/envs/airflow-env/lib/python3.10/site-packages/airflow/example_dags/example_nested_branch_dag.py
[2025-03-27T08:52:35.001+0000] {logging_mixin.py:149} INFO - [2025-03-27T08:52:35.001+0000] {dag.py:2726} INFO - Sync 1 DAGs
[2025-03-27T08:52:35.016+0000] {logging_mixin.py:149} INFO - [2025-03-27T08:52:35.016+0000] {dag.py:3486} INFO - Setting next_dagrun for example_nested_branch_dag to 2025-03-26T00:00:00+00:00, run_after=2025-03-27T00:00:00+00:00
[2025-03-27T08:52:35.031+0000] {processor.py:178} INFO - Processing /home/vscode/miniconda/envs/airflow-env/lib/python3.10/site-packages/airflow/example_dags/example_nested_branch_dag.py took 0.055 seconds
[2025-03-27T08:53:18.987+0000] {processor.py:156} INFO - Started process (PID=85011) to work on /home/vscode/miniconda/envs/airflow-env/lib/python3.10/site-packages/airflow/example_dags/example_nested_branch_dag.py
[2025-03-27T08:53:18.988+0000] {processor.py:799} INFO - Processing file /home/vscode/miniconda/envs/airflow-env/lib/python3.10/site-packages/airflow/example_dags/example_nested_branch_dag.py for tasks to queue
[2025-03-27T08:53:18.988+0000] {logging_mixin.py:149} INFO - [2025-03-27T08:53:18.988+0000] {dagbag.py:541} INFO - Filling up the DagBag from /home/vscode/miniconda/envs/airflow-env/lib/python3.10/site-packages/airflow/example_dags/example_nested_branch_dag.py
[2025-03-27T08:53:18.995+0000] {processor.py:809} INFO - DAG(s) dict_keys(['example_nested_branch_dag']) retrieved from /home/vscode/miniconda/envs/airflow-env/lib/python3.10/site-packages/airflow/example_dags/example_nested_branch_dag.py
[2025-03-27T08:53:19.009+0000] {logging_mixin.py:149} INFO - [2025-03-27T08:53:19.009+0000] {dag.py:2726} INFO - Sync 1 DAGs
[2025-03-27T08:53:19.023+0000] {logging_mixin.py:149} INFO - [2025-03-27T08:53:19.023+0000] {dag.py:3486} INFO - Setting next_dagrun for example_nested_branch_dag to 2025-03-26T00:00:00+00:00, run_after=2025-03-27T00:00:00+00:00
[2025-03-27T08:53:19.039+0000] {processor.py:178} INFO - Processing /home/vscode/miniconda/envs/airflow-env/lib/python3.10/site-packages/airflow/example_dags/example_nested_branch_dag.py took 0.053 seconds
