[2025-03-27T08:51:32.540+0000] {processor.py:156} INFO - Started process (PID=83880) to work on /home/vscode/miniconda/envs/airflow-env/lib/python3.10/site-packages/airflow/example_dags/example_trigger_controller_dag.py
[2025-03-27T08:51:32.541+0000] {processor.py:799} INFO - Processing file /home/vscode/miniconda/envs/airflow-env/lib/python3.10/site-packages/airflow/example_dags/example_trigger_controller_dag.py for tasks to queue
[2025-03-27T08:51:32.541+0000] {logging_mixin.py:149} INFO - [2025-03-27T08:51:32.541+0000] {dagbag.py:541} INFO - Filling up the DagBag from /home/vscode/miniconda/envs/airflow-env/lib/python3.10/site-packages/airflow/example_dags/example_trigger_controller_dag.py
[2025-03-27T08:51:32.546+0000] {processor.py:809} INFO - DAG(s) dict_keys(['example_trigger_controller_dag']) retrieved from /home/vscode/miniconda/envs/airflow-env/lib/python3.10/site-packages/airflow/example_dags/example_trigger_controller_dag.py
[2025-03-27T08:51:32.560+0000] {logging_mixin.py:149} INFO - [2025-03-27T08:51:32.560+0000] {dag.py:2726} INFO - Sync 1 DAGs
[2025-03-27T08:51:32.574+0000] {logging_mixin.py:149} INFO - [2025-03-27T08:51:32.574+0000] {dag.py:3486} INFO - Setting next_dagrun for example_trigger_controller_dag to 2021-01-01T00:00:00+00:00, run_after=2021-01-01T00:00:00+00:00
[2025-03-27T08:51:32.589+0000] {processor.py:178} INFO - Processing /home/vscode/miniconda/envs/airflow-env/lib/python3.10/site-packages/airflow/example_dags/example_trigger_controller_dag.py took 0.051 seconds
[2025-03-27T08:52:22.412+0000] {processor.py:156} INFO - Started process (PID=84405) to work on /home/vscode/miniconda/envs/airflow-env/lib/python3.10/site-packages/airflow/example_dags/example_trigger_controller_dag.py
[2025-03-27T08:52:22.413+0000] {processor.py:799} INFO - Processing file /home/vscode/miniconda/envs/airflow-env/lib/python3.10/site-packages/airflow/example_dags/example_trigger_controller_dag.py for tasks to queue
[2025-03-27T08:52:22.413+0000] {logging_mixin.py:149} INFO - [2025-03-27T08:52:22.413+0000] {dagbag.py:541} INFO - Filling up the DagBag from /home/vscode/miniconda/envs/airflow-env/lib/python3.10/site-packages/airflow/example_dags/example_trigger_controller_dag.py
[2025-03-27T08:52:22.416+0000] {processor.py:809} INFO - DAG(s) dict_keys(['example_trigger_controller_dag']) retrieved from /home/vscode/miniconda/envs/airflow-env/lib/python3.10/site-packages/airflow/example_dags/example_trigger_controller_dag.py
[2025-03-27T08:52:22.429+0000] {logging_mixin.py:149} INFO - [2025-03-27T08:52:22.429+0000] {dag.py:2726} INFO - Sync 1 DAGs
[2025-03-27T08:52:22.442+0000] {logging_mixin.py:149} INFO - [2025-03-27T08:52:22.442+0000] {dag.py:3486} INFO - Setting next_dagrun for example_trigger_controller_dag to 2021-01-01T00:00:00+00:00, run_after=2021-01-01T00:00:00+00:00
[2025-03-27T08:52:22.458+0000] {processor.py:178} INFO - Processing /home/vscode/miniconda/envs/airflow-env/lib/python3.10/site-packages/airflow/example_dags/example_trigger_controller_dag.py took 0.048 seconds
[2025-03-27T08:53:06.988+0000] {processor.py:156} INFO - Started process (PID=84901) to work on /home/vscode/miniconda/envs/airflow-env/lib/python3.10/site-packages/airflow/example_dags/example_trigger_controller_dag.py
[2025-03-27T08:53:06.988+0000] {processor.py:799} INFO - Processing file /home/vscode/miniconda/envs/airflow-env/lib/python3.10/site-packages/airflow/example_dags/example_trigger_controller_dag.py for tasks to queue
[2025-03-27T08:53:06.989+0000] {logging_mixin.py:149} INFO - [2025-03-27T08:53:06.989+0000] {dagbag.py:541} INFO - Filling up the DagBag from /home/vscode/miniconda/envs/airflow-env/lib/python3.10/site-packages/airflow/example_dags/example_trigger_controller_dag.py
[2025-03-27T08:53:06.992+0000] {processor.py:809} INFO - DAG(s) dict_keys(['example_trigger_controller_dag']) retrieved from /home/vscode/miniconda/envs/airflow-env/lib/python3.10/site-packages/airflow/example_dags/example_trigger_controller_dag.py
[2025-03-27T08:53:07.005+0000] {logging_mixin.py:149} INFO - [2025-03-27T08:53:07.005+0000] {dag.py:2726} INFO - Sync 1 DAGs
[2025-03-27T08:53:07.018+0000] {logging_mixin.py:149} INFO - [2025-03-27T08:53:07.017+0000] {dag.py:3486} INFO - Setting next_dagrun for example_trigger_controller_dag to 2021-01-01T00:00:00+00:00, run_after=2021-01-01T00:00:00+00:00
[2025-03-27T08:53:07.033+0000] {processor.py:178} INFO - Processing /home/vscode/miniconda/envs/airflow-env/lib/python3.10/site-packages/airflow/example_dags/example_trigger_controller_dag.py took 0.048 seconds
