[2025-03-27T08:51:28.656+0000] {processor.py:156} INFO - Started process (PID=83839) to work on /home/vscode/miniconda/envs/airflow-env/lib/python3.10/site-packages/airflow/example_dags/example_xcom.py
[2025-03-27T08:51:28.657+0000] {processor.py:799} INFO - Processing file /home/vscode/miniconda/envs/airflow-env/lib/python3.10/site-packages/airflow/example_dags/example_xcom.py for tasks to queue
[2025-03-27T08:51:28.658+0000] {logging_mixin.py:149} INFO - [2025-03-27T08:51:28.657+0000] {dagbag.py:541} INFO - Filling up the DagBag from /home/vscode/miniconda/envs/airflow-env/lib/python3.10/site-packages/airflow/example_dags/example_xcom.py
[2025-03-27T08:51:28.664+0000] {processor.py:809} INFO - DAG(s) dict_keys(['example_xcom']) retrieved from /home/vscode/miniconda/envs/airflow-env/lib/python3.10/site-packages/airflow/example_dags/example_xcom.py
[2025-03-27T08:51:28.682+0000] {logging_mixin.py:149} INFO - [2025-03-27T08:51:28.681+0000] {dag.py:2726} INFO - Sync 1 DAGs
[2025-03-27T08:51:28.695+0000] {logging_mixin.py:149} INFO - [2025-03-27T08:51:28.695+0000] {dag.py:3486} INFO - Setting next_dagrun for example_xcom to 2021-01-01T00:00:00+00:00, run_after=2021-01-01T00:00:00+00:00
[2025-03-27T08:51:28.710+0000] {processor.py:178} INFO - Processing /home/vscode/miniconda/envs/airflow-env/lib/python3.10/site-packages/airflow/example_dags/example_xcom.py took 0.056 seconds
[2025-03-27T08:52:19.432+0000] {processor.py:156} INFO - Started process (PID=84375) to work on /home/vscode/miniconda/envs/airflow-env/lib/python3.10/site-packages/airflow/example_dags/example_xcom.py
[2025-03-27T08:52:19.433+0000] {processor.py:799} INFO - Processing file /home/vscode/miniconda/envs/airflow-env/lib/python3.10/site-packages/airflow/example_dags/example_xcom.py for tasks to queue
[2025-03-27T08:52:19.433+0000] {logging_mixin.py:149} INFO - [2025-03-27T08:52:19.433+0000] {dagbag.py:541} INFO - Filling up the DagBag from /home/vscode/miniconda/envs/airflow-env/lib/python3.10/site-packages/airflow/example_dags/example_xcom.py
[2025-03-27T08:52:19.438+0000] {processor.py:809} INFO - DAG(s) dict_keys(['example_xcom']) retrieved from /home/vscode/miniconda/envs/airflow-env/lib/python3.10/site-packages/airflow/example_dags/example_xcom.py
[2025-03-27T08:52:19.452+0000] {logging_mixin.py:149} INFO - [2025-03-27T08:52:19.452+0000] {dag.py:2726} INFO - Sync 1 DAGs
[2025-03-27T08:52:19.466+0000] {logging_mixin.py:149} INFO - [2025-03-27T08:52:19.466+0000] {dag.py:3486} INFO - Setting next_dagrun for example_xcom to 2021-01-01T00:00:00+00:00, run_after=2021-01-01T00:00:00+00:00
[2025-03-27T08:52:19.481+0000] {processor.py:178} INFO - Processing /home/vscode/miniconda/envs/airflow-env/lib/python3.10/site-packages/airflow/example_dags/example_xcom.py took 0.051 seconds
[2025-03-27T08:53:02.418+0000] {processor.py:156} INFO - Started process (PID=84851) to work on /home/vscode/miniconda/envs/airflow-env/lib/python3.10/site-packages/airflow/example_dags/example_xcom.py
[2025-03-27T08:53:02.419+0000] {processor.py:799} INFO - Processing file /home/vscode/miniconda/envs/airflow-env/lib/python3.10/site-packages/airflow/example_dags/example_xcom.py for tasks to queue
[2025-03-27T08:53:02.419+0000] {logging_mixin.py:149} INFO - [2025-03-27T08:53:02.419+0000] {dagbag.py:541} INFO - Filling up the DagBag from /home/vscode/miniconda/envs/airflow-env/lib/python3.10/site-packages/airflow/example_dags/example_xcom.py
[2025-03-27T08:53:02.424+0000] {processor.py:809} INFO - DAG(s) dict_keys(['example_xcom']) retrieved from /home/vscode/miniconda/envs/airflow-env/lib/python3.10/site-packages/airflow/example_dags/example_xcom.py
[2025-03-27T08:53:02.438+0000] {logging_mixin.py:149} INFO - [2025-03-27T08:53:02.437+0000] {dag.py:2726} INFO - Sync 1 DAGs
[2025-03-27T08:53:02.450+0000] {logging_mixin.py:149} INFO - [2025-03-27T08:53:02.450+0000] {dag.py:3486} INFO - Setting next_dagrun for example_xcom to 2021-01-01T00:00:00+00:00, run_after=2021-01-01T00:00:00+00:00
[2025-03-27T08:53:02.466+0000] {processor.py:178} INFO - Processing /home/vscode/miniconda/envs/airflow-env/lib/python3.10/site-packages/airflow/example_dags/example_xcom.py took 0.050 seconds
