[2025-03-27T08:51:27.524+0000] {processor.py:156} INFO - Started process (PID=83822) to work on /home/vscode/miniconda/envs/airflow-env/lib/python3.10/site-packages/airflow/example_dags/tutorial_taskflow_api.py
[2025-03-27T08:51:27.524+0000] {processor.py:799} INFO - Processing file /home/vscode/miniconda/envs/airflow-env/lib/python3.10/site-packages/airflow/example_dags/tutorial_taskflow_api.py for tasks to queue
[2025-03-27T08:51:27.525+0000] {logging_mixin.py:149} INFO - [2025-03-27T08:51:27.525+0000] {dagbag.py:541} INFO - Filling up the DagBag from /home/vscode/miniconda/envs/airflow-env/lib/python3.10/site-packages/airflow/example_dags/tutorial_taskflow_api.py
[2025-03-27T08:51:27.531+0000] {processor.py:809} INFO - DAG(s) dict_keys(['tutorial_taskflow_api']) retrieved from /home/vscode/miniconda/envs/airflow-env/lib/python3.10/site-packages/airflow/example_dags/tutorial_taskflow_api.py
[2025-03-27T08:51:27.548+0000] {logging_mixin.py:149} INFO - [2025-03-27T08:51:27.548+0000] {dag.py:2726} INFO - Sync 1 DAGs
[2025-03-27T08:51:27.561+0000] {logging_mixin.py:149} INFO - [2025-03-27T08:51:27.561+0000] {dag.py:3486} INFO - Setting next_dagrun for tutorial_taskflow_api to None, run_after=None
[2025-03-27T08:51:27.577+0000] {processor.py:178} INFO - Processing /home/vscode/miniconda/envs/airflow-env/lib/python3.10/site-packages/airflow/example_dags/tutorial_taskflow_api.py took 0.055 seconds
[2025-03-27T08:52:18.300+0000] {processor.py:156} INFO - Started process (PID=84367) to work on /home/vscode/miniconda/envs/airflow-env/lib/python3.10/site-packages/airflow/example_dags/tutorial_taskflow_api.py
[2025-03-27T08:52:18.301+0000] {processor.py:799} INFO - Processing file /home/vscode/miniconda/envs/airflow-env/lib/python3.10/site-packages/airflow/example_dags/tutorial_taskflow_api.py for tasks to queue
[2025-03-27T08:52:18.301+0000] {logging_mixin.py:149} INFO - [2025-03-27T08:52:18.301+0000] {dagbag.py:541} INFO - Filling up the DagBag from /home/vscode/miniconda/envs/airflow-env/lib/python3.10/site-packages/airflow/example_dags/tutorial_taskflow_api.py
[2025-03-27T08:52:18.305+0000] {processor.py:809} INFO - DAG(s) dict_keys(['tutorial_taskflow_api']) retrieved from /home/vscode/miniconda/envs/airflow-env/lib/python3.10/site-packages/airflow/example_dags/tutorial_taskflow_api.py
[2025-03-27T08:52:18.319+0000] {logging_mixin.py:149} INFO - [2025-03-27T08:52:18.319+0000] {dag.py:2726} INFO - Sync 1 DAGs
[2025-03-27T08:52:18.332+0000] {logging_mixin.py:149} INFO - [2025-03-27T08:52:18.332+0000] {dag.py:3486} INFO - Setting next_dagrun for tutorial_taskflow_api to None, run_after=None
[2025-03-27T08:52:18.349+0000] {processor.py:178} INFO - Processing /home/vscode/miniconda/envs/airflow-env/lib/python3.10/site-packages/airflow/example_dags/tutorial_taskflow_api.py took 0.051 seconds
[2025-03-27T08:53:01.553+0000] {processor.py:156} INFO - Started process (PID=84843) to work on /home/vscode/miniconda/envs/airflow-env/lib/python3.10/site-packages/airflow/example_dags/tutorial_taskflow_api.py
[2025-03-27T08:53:01.554+0000] {processor.py:799} INFO - Processing file /home/vscode/miniconda/envs/airflow-env/lib/python3.10/site-packages/airflow/example_dags/tutorial_taskflow_api.py for tasks to queue
[2025-03-27T08:53:01.555+0000] {logging_mixin.py:149} INFO - [2025-03-27T08:53:01.554+0000] {dagbag.py:541} INFO - Filling up the DagBag from /home/vscode/miniconda/envs/airflow-env/lib/python3.10/site-packages/airflow/example_dags/tutorial_taskflow_api.py
[2025-03-27T08:53:01.560+0000] {processor.py:809} INFO - DAG(s) dict_keys(['tutorial_taskflow_api']) retrieved from /home/vscode/miniconda/envs/airflow-env/lib/python3.10/site-packages/airflow/example_dags/tutorial_taskflow_api.py
[2025-03-27T08:53:01.578+0000] {logging_mixin.py:149} INFO - [2025-03-27T08:53:01.578+0000] {dag.py:2726} INFO - Sync 1 DAGs
[2025-03-27T08:53:01.596+0000] {logging_mixin.py:149} INFO - [2025-03-27T08:53:01.596+0000] {dag.py:3486} INFO - Setting next_dagrun for tutorial_taskflow_api to None, run_after=None
[2025-03-27T08:53:01.617+0000] {processor.py:178} INFO - Processing /home/vscode/miniconda/envs/airflow-env/lib/python3.10/site-packages/airflow/example_dags/tutorial_taskflow_api.py took 0.066 seconds
