[2025-03-27T08:51:22.741+0000] {processor.py:156} INFO - Started process (PID=83739) to work on /home/vscode/miniconda/envs/airflow-env/lib/python3.10/site-packages/airflow/example_dags/tutorial_taskflow_api_virtualenv.py
[2025-03-27T08:51:22.742+0000] {processor.py:799} INFO - Processing file /home/vscode/miniconda/envs/airflow-env/lib/python3.10/site-packages/airflow/example_dags/tutorial_taskflow_api_virtualenv.py for tasks to queue
[2025-03-27T08:51:22.742+0000] {logging_mixin.py:149} INFO - [2025-03-27T08:51:22.742+0000] {dagbag.py:541} INFO - Filling up the DagBag from /home/vscode/miniconda/envs/airflow-env/lib/python3.10/site-packages/airflow/example_dags/tutorial_taskflow_api_virtualenv.py
[2025-03-27T08:51:22.748+0000] {processor.py:809} INFO - DAG(s) dict_keys(['tutorial_taskflow_api_virtualenv']) retrieved from /home/vscode/miniconda/envs/airflow-env/lib/python3.10/site-packages/airflow/example_dags/tutorial_taskflow_api_virtualenv.py
[2025-03-27T08:51:22.765+0000] {logging_mixin.py:149} INFO - [2025-03-27T08:51:22.765+0000] {dag.py:2726} INFO - Sync 1 DAGs
[2025-03-27T08:51:22.780+0000] {logging_mixin.py:149} INFO - [2025-03-27T08:51:22.780+0000] {dag.py:3486} INFO - Setting next_dagrun for tutorial_taskflow_api_virtualenv to None, run_after=None
[2025-03-27T08:51:22.796+0000] {processor.py:178} INFO - Processing /home/vscode/miniconda/envs/airflow-env/lib/python3.10/site-packages/airflow/example_dags/tutorial_taskflow_api_virtualenv.py took 0.056 seconds
[2025-03-27T08:52:13.479+0000] {processor.py:156} INFO - Started process (PID=84282) to work on /home/vscode/miniconda/envs/airflow-env/lib/python3.10/site-packages/airflow/example_dags/tutorial_taskflow_api_virtualenv.py
[2025-03-27T08:52:13.479+0000] {processor.py:799} INFO - Processing file /home/vscode/miniconda/envs/airflow-env/lib/python3.10/site-packages/airflow/example_dags/tutorial_taskflow_api_virtualenv.py for tasks to queue
[2025-03-27T08:52:13.480+0000] {logging_mixin.py:149} INFO - [2025-03-27T08:52:13.480+0000] {dagbag.py:541} INFO - Filling up the DagBag from /home/vscode/miniconda/envs/airflow-env/lib/python3.10/site-packages/airflow/example_dags/tutorial_taskflow_api_virtualenv.py
[2025-03-27T08:52:13.484+0000] {processor.py:809} INFO - DAG(s) dict_keys(['tutorial_taskflow_api_virtualenv']) retrieved from /home/vscode/miniconda/envs/airflow-env/lib/python3.10/site-packages/airflow/example_dags/tutorial_taskflow_api_virtualenv.py
[2025-03-27T08:52:13.497+0000] {logging_mixin.py:149} INFO - [2025-03-27T08:52:13.497+0000] {dag.py:2726} INFO - Sync 1 DAGs
[2025-03-27T08:52:13.511+0000] {logging_mixin.py:149} INFO - [2025-03-27T08:52:13.511+0000] {dag.py:3486} INFO - Setting next_dagrun for tutorial_taskflow_api_virtualenv to None, run_after=None
[2025-03-27T08:52:13.527+0000] {processor.py:178} INFO - Processing /home/vscode/miniconda/envs/airflow-env/lib/python3.10/site-packages/airflow/example_dags/tutorial_taskflow_api_virtualenv.py took 0.050 seconds
[2025-03-27T08:52:46.989+0000] {processor.py:156} INFO - Started process (PID=84706) to work on /home/vscode/miniconda/envs/airflow-env/lib/python3.10/site-packages/airflow/example_dags/tutorial_taskflow_api_virtualenv.py
[2025-03-27T08:52:46.989+0000] {processor.py:799} INFO - Processing file /home/vscode/miniconda/envs/airflow-env/lib/python3.10/site-packages/airflow/example_dags/tutorial_taskflow_api_virtualenv.py for tasks to queue
[2025-03-27T08:52:46.990+0000] {logging_mixin.py:149} INFO - [2025-03-27T08:52:46.990+0000] {dagbag.py:541} INFO - Filling up the DagBag from /home/vscode/miniconda/envs/airflow-env/lib/python3.10/site-packages/airflow/example_dags/tutorial_taskflow_api_virtualenv.py
[2025-03-27T08:52:46.994+0000] {processor.py:809} INFO - DAG(s) dict_keys(['tutorial_taskflow_api_virtualenv']) retrieved from /home/vscode/miniconda/envs/airflow-env/lib/python3.10/site-packages/airflow/example_dags/tutorial_taskflow_api_virtualenv.py
[2025-03-27T08:52:47.007+0000] {logging_mixin.py:149} INFO - [2025-03-27T08:52:47.007+0000] {dag.py:2726} INFO - Sync 1 DAGs
[2025-03-27T08:52:47.020+0000] {logging_mixin.py:149} INFO - [2025-03-27T08:52:47.020+0000] {dag.py:3486} INFO - Setting next_dagrun for tutorial_taskflow_api_virtualenv to None, run_after=None
[2025-03-27T08:52:47.037+0000] {processor.py:178} INFO - Processing /home/vscode/miniconda/envs/airflow-env/lib/python3.10/site-packages/airflow/example_dags/tutorial_taskflow_api_virtualenv.py took 0.051 seconds
