[2025-03-27T08:51:26.388+0000] {processor.py:156} INFO - Started process (PID=83782) to work on /home/vscode/miniconda/envs/airflow-env/lib/python3.10/site-packages/airflow/example_dags/tutorial.py
[2025-03-27T08:51:26.388+0000] {processor.py:799} INFO - Processing file /home/vscode/miniconda/envs/airflow-env/lib/python3.10/site-packages/airflow/example_dags/tutorial.py for tasks to queue
[2025-03-27T08:51:26.389+0000] {logging_mixin.py:149} INFO - [2025-03-27T08:51:26.389+0000] {dagbag.py:541} INFO - Filling up the DagBag from /home/vscode/miniconda/envs/airflow-env/lib/python3.10/site-packages/airflow/example_dags/tutorial.py
[2025-03-27T08:51:26.395+0000] {processor.py:809} INFO - DAG(s) dict_keys(['tutorial']) retrieved from /home/vscode/miniconda/envs/airflow-env/lib/python3.10/site-packages/airflow/example_dags/tutorial.py
[2025-03-27T08:51:26.416+0000] {logging_mixin.py:149} INFO - [2025-03-27T08:51:26.416+0000] {dag.py:2726} INFO - Sync 1 DAGs
[2025-03-27T08:51:26.430+0000] {logging_mixin.py:149} INFO - [2025-03-27T08:51:26.430+0000] {dag.py:3486} INFO - Setting next_dagrun for tutorial to 2025-03-26T08:51:26.430097+00:00, run_after=2025-03-27T08:51:26.430097+00:00
[2025-03-27T08:51:26.446+0000] {processor.py:178} INFO - Processing /home/vscode/miniconda/envs/airflow-env/lib/python3.10/site-packages/airflow/example_dags/tutorial.py took 0.060 seconds
[2025-03-27T08:52:17.168+0000] {processor.py:156} INFO - Started process (PID=84354) to work on /home/vscode/miniconda/envs/airflow-env/lib/python3.10/site-packages/airflow/example_dags/tutorial.py
[2025-03-27T08:52:17.168+0000] {processor.py:799} INFO - Processing file /home/vscode/miniconda/envs/airflow-env/lib/python3.10/site-packages/airflow/example_dags/tutorial.py for tasks to queue
[2025-03-27T08:52:17.169+0000] {logging_mixin.py:149} INFO - [2025-03-27T08:52:17.169+0000] {dagbag.py:541} INFO - Filling up the DagBag from /home/vscode/miniconda/envs/airflow-env/lib/python3.10/site-packages/airflow/example_dags/tutorial.py
[2025-03-27T08:52:17.173+0000] {processor.py:809} INFO - DAG(s) dict_keys(['tutorial']) retrieved from /home/vscode/miniconda/envs/airflow-env/lib/python3.10/site-packages/airflow/example_dags/tutorial.py
[2025-03-27T08:52:17.187+0000] {logging_mixin.py:149} INFO - [2025-03-27T08:52:17.187+0000] {dag.py:2726} INFO - Sync 1 DAGs
[2025-03-27T08:52:17.201+0000] {logging_mixin.py:149} INFO - [2025-03-27T08:52:17.201+0000] {dag.py:3486} INFO - Setting next_dagrun for tutorial to 2025-03-26T08:52:17.200918+00:00, run_after=2025-03-27T08:52:17.200918+00:00
[2025-03-27T08:52:17.216+0000] {processor.py:178} INFO - Processing /home/vscode/miniconda/envs/airflow-env/lib/python3.10/site-packages/airflow/example_dags/tutorial.py took 0.051 seconds
[2025-03-27T08:53:00.694+0000] {processor.py:156} INFO - Started process (PID=84841) to work on /home/vscode/miniconda/envs/airflow-env/lib/python3.10/site-packages/airflow/example_dags/tutorial.py
[2025-03-27T08:53:00.695+0000] {processor.py:799} INFO - Processing file /home/vscode/miniconda/envs/airflow-env/lib/python3.10/site-packages/airflow/example_dags/tutorial.py for tasks to queue
[2025-03-27T08:53:00.695+0000] {logging_mixin.py:149} INFO - [2025-03-27T08:53:00.695+0000] {dagbag.py:541} INFO - Filling up the DagBag from /home/vscode/miniconda/envs/airflow-env/lib/python3.10/site-packages/airflow/example_dags/tutorial.py
[2025-03-27T08:53:00.700+0000] {processor.py:809} INFO - DAG(s) dict_keys(['tutorial']) retrieved from /home/vscode/miniconda/envs/airflow-env/lib/python3.10/site-packages/airflow/example_dags/tutorial.py
[2025-03-27T08:53:00.713+0000] {logging_mixin.py:149} INFO - [2025-03-27T08:53:00.712+0000] {dag.py:2726} INFO - Sync 1 DAGs
[2025-03-27T08:53:00.726+0000] {logging_mixin.py:149} INFO - [2025-03-27T08:53:00.726+0000] {dag.py:3486} INFO - Setting next_dagrun for tutorial to 2025-03-26T08:53:00.726032+00:00, run_after=2025-03-27T08:53:00.726032+00:00
[2025-03-27T08:53:00.741+0000] {processor.py:178} INFO - Processing /home/vscode/miniconda/envs/airflow-env/lib/python3.10/site-packages/airflow/example_dags/tutorial.py took 0.049 seconds
