[2025-03-27T08:51:10.074+0000] {processor.py:156} INFO - Started process (PID=83558) to work on /workspaces/Team-34/airflow_home/dags/fetch_store_dag.py
[2025-03-27T08:51:10.075+0000] {processor.py:799} INFO - Processing file /workspaces/Team-34/airflow_home/dags/fetch_store_dag.py for tasks to queue
[2025-03-27T08:51:10.076+0000] {logging_mixin.py:149} INFO - [2025-03-27T08:51:10.076+0000] {dagbag.py:541} INFO - Filling up the DagBag from /workspaces/Team-34/airflow_home/dags/fetch_store_dag.py
[2025-03-27T08:51:10.098+0000] {processor.py:809} INFO - DAG(s) dict_keys(['fetch_store_dag']) retrieved from /workspaces/Team-34/airflow_home/dags/fetch_store_dag.py
[2025-03-27T08:51:10.139+0000] {logging_mixin.py:149} INFO - [2025-03-27T08:51:10.139+0000] {dag.py:2726} INFO - Sync 1 DAGs
[2025-03-27T08:51:10.200+0000] {processor.py:178} INFO - Processing /workspaces/Team-34/airflow_home/dags/fetch_store_dag.py took 0.129 seconds
[2025-03-27T08:52:04.666+0000] {processor.py:156} INFO - Started process (PID=84137) to work on /workspaces/Team-34/airflow_home/dags/fetch_store_dag.py
[2025-03-27T08:52:04.667+0000] {processor.py:799} INFO - Processing file /workspaces/Team-34/airflow_home/dags/fetch_store_dag.py for tasks to queue
[2025-03-27T08:52:04.668+0000] {logging_mixin.py:149} INFO - [2025-03-27T08:52:04.668+0000] {dagbag.py:541} INFO - Filling up the DagBag from /workspaces/Team-34/airflow_home/dags/fetch_store_dag.py
[2025-03-27T08:52:04.674+0000] {processor.py:809} INFO - DAG(s) dict_keys(['fetch_store_dag']) retrieved from /workspaces/Team-34/airflow_home/dags/fetch_store_dag.py
[2025-03-27T08:52:04.686+0000] {logging_mixin.py:149} INFO - [2025-03-27T08:52:04.686+0000] {dag.py:2726} INFO - Sync 1 DAGs
[2025-03-27T08:52:04.702+0000] {logging_mixin.py:149} INFO - [2025-03-27T08:52:04.702+0000] {dag.py:3486} INFO - Setting next_dagrun for fetch_store_dag to 2025-03-26T00:00:00+00:00, run_after=2025-03-27T00:00:00+00:00
[2025-03-27T08:52:04.720+0000] {processor.py:178} INFO - Processing /workspaces/Team-34/airflow_home/dags/fetch_store_dag.py took 0.056 seconds
[2025-03-27T08:52:44.121+0000] {processor.py:156} INFO - Started process (PID=84681) to work on /workspaces/Team-34/airflow_home/dags/fetch_store_dag.py
[2025-03-27T08:52:44.122+0000] {processor.py:799} INFO - Processing file /workspaces/Team-34/airflow_home/dags/fetch_store_dag.py for tasks to queue
[2025-03-27T08:52:44.122+0000] {logging_mixin.py:149} INFO - [2025-03-27T08:52:44.122+0000] {dagbag.py:541} INFO - Filling up the DagBag from /workspaces/Team-34/airflow_home/dags/fetch_store_dag.py
[2025-03-27T08:52:44.129+0000] {processor.py:809} INFO - DAG(s) dict_keys(['fetch_store_dag']) retrieved from /workspaces/Team-34/airflow_home/dags/fetch_store_dag.py
[2025-03-27T08:52:44.142+0000] {logging_mixin.py:149} INFO - [2025-03-27T08:52:44.142+0000] {dag.py:2726} INFO - Sync 1 DAGs
[2025-03-27T08:52:44.157+0000] {logging_mixin.py:149} INFO - [2025-03-27T08:52:44.157+0000] {dag.py:3486} INFO - Setting next_dagrun for fetch_store_dag to 2025-03-27T00:00:00+00:00, run_after=2025-03-28T00:00:00+00:00
[2025-03-27T08:52:44.173+0000] {processor.py:178} INFO - Processing /workspaces/Team-34/airflow_home/dags/fetch_store_dag.py took 0.053 seconds
[2025-03-27T08:53:26.541+0000] {processor.py:156} INFO - Started process (PID=85097) to work on /workspaces/Team-34/airflow_home/dags/fetch_store_dag.py
[2025-03-27T08:53:26.541+0000] {processor.py:799} INFO - Processing file /workspaces/Team-34/airflow_home/dags/fetch_store_dag.py for tasks to queue
[2025-03-27T08:53:26.542+0000] {logging_mixin.py:149} INFO - [2025-03-27T08:53:26.542+0000] {dagbag.py:541} INFO - Filling up the DagBag from /workspaces/Team-34/airflow_home/dags/fetch_store_dag.py
[2025-03-27T08:53:26.548+0000] {processor.py:809} INFO - DAG(s) dict_keys(['fetch_store_dag']) retrieved from /workspaces/Team-34/airflow_home/dags/fetch_store_dag.py
[2025-03-27T08:53:26.560+0000] {logging_mixin.py:149} INFO - [2025-03-27T08:53:26.559+0000] {dag.py:2726} INFO - Sync 1 DAGs
[2025-03-27T08:53:26.574+0000] {logging_mixin.py:149} INFO - [2025-03-27T08:53:26.574+0000] {dag.py:3486} INFO - Setting next_dagrun for fetch_store_dag to 2025-03-27T00:00:00+00:00, run_after=2025-03-28T00:00:00+00:00
[2025-03-27T08:53:26.594+0000] {processor.py:178} INFO - Processing /workspaces/Team-34/airflow_home/dags/fetch_store_dag.py took 0.055 seconds
