[2025-03-27T08:51:21.601+0000] {processor.py:156} INFO - Started process (PID=83714) to work on /home/vscode/miniconda/envs/airflow-env/lib/python3.10/site-packages/airflow/example_dags/subdags/subdag.py
[2025-03-27T08:51:21.601+0000] {processor.py:799} INFO - Processing file /home/vscode/miniconda/envs/airflow-env/lib/python3.10/site-packages/airflow/example_dags/subdags/subdag.py for tasks to queue
[2025-03-27T08:51:21.602+0000] {logging_mixin.py:149} INFO - [2025-03-27T08:51:21.602+0000] {dagbag.py:541} INFO - Filling up the DagBag from /home/vscode/miniconda/envs/airflow-env/lib/python3.10/site-packages/airflow/example_dags/subdags/subdag.py
[2025-03-27T08:51:21.603+0000] {processor.py:811} WARNING - No viable dags retrieved from /home/vscode/miniconda/envs/airflow-env/lib/python3.10/site-packages/airflow/example_dags/subdags/subdag.py
[2025-03-27T08:51:21.609+0000] {processor.py:178} INFO - Processing /home/vscode/miniconda/envs/airflow-env/lib/python3.10/site-packages/airflow/example_dags/subdags/subdag.py took 0.011 seconds
[2025-03-27T08:52:12.347+0000] {processor.py:156} INFO - Started process (PID=84270) to work on /home/vscode/miniconda/envs/airflow-env/lib/python3.10/site-packages/airflow/example_dags/subdags/subdag.py
[2025-03-27T08:52:12.348+0000] {processor.py:799} INFO - Processing file /home/vscode/miniconda/envs/airflow-env/lib/python3.10/site-packages/airflow/example_dags/subdags/subdag.py for tasks to queue
[2025-03-27T08:52:12.348+0000] {logging_mixin.py:149} INFO - [2025-03-27T08:52:12.348+0000] {dagbag.py:541} INFO - Filling up the DagBag from /home/vscode/miniconda/envs/airflow-env/lib/python3.10/site-packages/airflow/example_dags/subdags/subdag.py
[2025-03-27T08:52:12.350+0000] {processor.py:811} WARNING - No viable dags retrieved from /home/vscode/miniconda/envs/airflow-env/lib/python3.10/site-packages/airflow/example_dags/subdags/subdag.py
[2025-03-27T08:52:12.357+0000] {processor.py:178} INFO - Processing /home/vscode/miniconda/envs/airflow-env/lib/python3.10/site-packages/airflow/example_dags/subdags/subdag.py took 0.012 seconds
[2025-03-27T08:52:46.593+0000] {processor.py:156} INFO - Started process (PID=84705) to work on /home/vscode/miniconda/envs/airflow-env/lib/python3.10/site-packages/airflow/example_dags/subdags/subdag.py
[2025-03-27T08:52:46.594+0000] {processor.py:799} INFO - Processing file /home/vscode/miniconda/envs/airflow-env/lib/python3.10/site-packages/airflow/example_dags/subdags/subdag.py for tasks to queue
[2025-03-27T08:52:46.594+0000] {logging_mixin.py:149} INFO - [2025-03-27T08:52:46.594+0000] {dagbag.py:541} INFO - Filling up the DagBag from /home/vscode/miniconda/envs/airflow-env/lib/python3.10/site-packages/airflow/example_dags/subdags/subdag.py
[2025-03-27T08:52:46.595+0000] {processor.py:811} WARNING - No viable dags retrieved from /home/vscode/miniconda/envs/airflow-env/lib/python3.10/site-packages/airflow/example_dags/subdags/subdag.py
[2025-03-27T08:52:46.602+0000] {processor.py:178} INFO - Processing /home/vscode/miniconda/envs/airflow-env/lib/python3.10/site-packages/airflow/example_dags/subdags/subdag.py took 0.011 seconds
[2025-03-27T08:53:28.091+0000] {processor.py:156} INFO - Started process (PID=85116) to work on /home/vscode/miniconda/envs/airflow-env/lib/python3.10/site-packages/airflow/example_dags/subdags/subdag.py
[2025-03-27T08:53:28.092+0000] {processor.py:799} INFO - Processing file /home/vscode/miniconda/envs/airflow-env/lib/python3.10/site-packages/airflow/example_dags/subdags/subdag.py for tasks to queue
[2025-03-27T08:53:28.093+0000] {logging_mixin.py:149} INFO - [2025-03-27T08:53:28.092+0000] {dagbag.py:541} INFO - Filling up the DagBag from /home/vscode/miniconda/envs/airflow-env/lib/python3.10/site-packages/airflow/example_dags/subdags/subdag.py
[2025-03-27T08:53:28.094+0000] {processor.py:811} WARNING - No viable dags retrieved from /home/vscode/miniconda/envs/airflow-env/lib/python3.10/site-packages/airflow/example_dags/subdags/subdag.py
[2025-03-27T08:53:28.100+0000] {processor.py:178} INFO - Processing /home/vscode/miniconda/envs/airflow-env/lib/python3.10/site-packages/airflow/example_dags/subdags/subdag.py took 0.011 seconds
